[    0.000000] Initializing cgroup subsys cpuset
[    0.000000] Initializing cgroup subsys cpu
[    0.000000] Initializing cgroup subsys cpuacct
[    0.000000] Linux version 4.4.0-210-generic (buildd@lgw01-amd64-009) (gcc version 5.4.0 20160609 (Ubuntu 5.4.0-6ubuntu1~16.04.12) ) #242-Ubuntu SMP Fri Apr 16 09:57:56 UTC 2021 (Ubuntu 4.4.0-210.242-generic 4.4.262)
[    0.000000] Command line: BOOT_IMAGE=/boot/vmlinuz-4.4.0-210-generic root=LABEL=cloudimg-rootfs ro console=tty1 console=ttyS0
[    0.000000] KERNEL supported cpus:
[    0.000000]   Intel GenuineIntel
[    0.000000]   AMD AuthenticAMD
[    0.000000]   Centaur CentaurHauls
[    0.000000] x86/fpu: Legacy x87 FPU detected.
[    0.000000] e820: BIOS-provided physical RAM map:
[    0.000000] BIOS-e820: [mem 0x0000000000000000-0x000000000009fbff] usable
[    0.000000] BIOS-e820: [mem 0x000000000009fc00-0x000000000009ffff] reserved
[    0.000000] BIOS-e820: [mem 0x00000000000f0000-0x00000000000fffff] reserved
[    0.000000] BIOS-e820: [mem 0x0000000000100000-0x000000003ffeffff] usable
[    0.000000] BIOS-e820: [mem 0x000000003fff0000-0x000000003fffffff] ACPI data
[    0.000000] BIOS-e820: [mem 0x00000000fec00000-0x00000000fec00fff] reserved
[    0.000000] BIOS-e820: [mem 0x00000000fee00000-0x00000000fee00fff] reserved
[    0.000000] BIOS-e820: [mem 0x00000000fffc0000-0x00000000ffffffff] reserved
[    0.000000] NX (Execute Disable) protection: active
[    0.000000] SMBIOS 2.5 present.
[    0.000000] Hypervisor detected: KVM
[    0.000000] Kernel/User page tables isolation: disabled
[    0.000000] e820: last_pfn = 0x3fff0 max_arch_pfn = 0x400000000
[    0.000000] MTRR: Disabled
[    0.000000] x86/PAT: MTRRs disabled, skipping PAT initialization too.
[    0.000000] CPU MTRRs all blank - virtualized system.
[    0.000000] x86/PAT: Configuration [0-7]: WB  WT  UC- UC  WB  WT  UC- UC  
[    0.000000] found SMP MP-table at [mem 0x0009fff0-0x0009ffff] mapped at [ffff88000009fff0]
[    0.000000] Scanning 1 areas for low memory corruption
[    0.000000] RAMDISK: [mem 0x362dc000-0x37165fff]
[    0.000000] ACPI: Early table checksum verification disabled
[    0.000000] ACPI: RSDP 0x00000000000E0000 000024 (v02 VBOX  )
[    0.000000] ACPI: XSDT 0x000000003FFF0030 00003C (v01 VBOX   VBOXXSDT 00000001 ASL  00000061)
[    0.000000] ACPI: FACP 0x000000003FFF00F0 0000F4 (v04 VBOX   VBOXFACP 00000001 ASL  00000061)
[    0.000000] ACPI: DSDT 0x000000003FFF0470 002325 (v02 VBOX   VBOXBIOS 00000002 INTL 20100528)
[    0.000000] ACPI: FACS 0x000000003FFF0200 000040
[    0.000000] ACPI: FACS 0x000000003FFF0200 000040
[    0.000000] ACPI: APIC 0x000000003FFF0240 00005C (v02 VBOX   VBOXAPIC 00000001 ASL  00000061)
[    0.000000] ACPI: SSDT 0x000000003FFF02A0 0001CC (v01 VBOX   VBOXCPUT 00000002 INTL 20100528)
[    0.000000] No NUMA configuration found
[    0.000000] Faking a node at [mem 0x0000000000000000-0x000000003ffeffff]
[    0.000000] NODE_DATA(0) allocated [mem 0x3ffeb000-0x3ffeffff]
[    0.000000] kvm-clock: Using msrs 4b564d01 and 4b564d00
[    0.000000] kvm-clock: cpu 0, msr 0:3ffe3001, primary cpu clock
[    0.000000] kvm-clock: using sched offset of 3729898793 cycles
[    0.000000] clocksource: kvm-clock: mask: 0xffffffffffffffff max_cycles: 0x1cd42e4dffb, max_idle_ns: 881590591483 ns
[    0.000000] Zone ranges:
[    0.000000]   DMA      [mem 0x0000000000001000-0x0000000000ffffff]
[    0.000000]   DMA32    [mem 0x0000000001000000-0x000000003ffeffff]
[    0.000000]   Normal   empty
[    0.000000]   Device   empty
[    0.000000] Movable zone start for each node
[    0.000000] Early memory node ranges
[    0.000000]   node   0: [mem 0x0000000000001000-0x000000000009efff]
[    0.000000]   node   0: [mem 0x0000000000100000-0x000000003ffeffff]
[    0.000000] Initmem setup node 0 [mem 0x0000000000001000-0x000000003ffeffff]
[    0.000000] ACPI: PM-Timer IO Port: 0x4008
[    0.000000] IOAPIC[0]: apic_id 2, version 32, address 0xfec00000, GSI 0-23
[    0.000000] ACPI: INT_SRC_OVR (bus 0 bus_irq 0 global_irq 2 dfl dfl)
[    0.000000] ACPI: INT_SRC_OVR (bus 0 bus_irq 9 global_irq 9 low level)
[    0.000000] Using ACPI (MADT) for SMP configuration information
[    0.000000] smpboot: Allowing 2 CPUs, 0 hotplug CPUs
[    0.000000] PM: Registered nosave memory: [mem 0x00000000-0x00000fff]
[    0.000000] PM: Registered nosave memory: [mem 0x0009f000-0x0009ffff]
[    0.000000] PM: Registered nosave memory: [mem 0x000a0000-0x000effff]
[    0.000000] PM: Registered nosave memory: [mem 0x000f0000-0x000fffff]
[    0.000000] e820: [mem 0x40000000-0xfebfffff] available for PCI devices
[    0.000000] Booting paravirtualized kernel on KVM
[    0.000000] clocksource: refined-jiffies: mask: 0xffffffff max_cycles: 0xffffffff, max_idle_ns: 7645519600211568 ns
[    0.000000] setup_percpu: NR_CPUS:512 nr_cpumask_bits:512 nr_cpu_ids:2 nr_node_ids:1
[    0.000000] PERCPU: Embedded 33 pages/cpu @ffff88003fc00000 s95192 r8192 d31784 u1048576
[    0.000000] Built 1 zonelists in Node order, mobility grouping on.  Total pages: 257912
[    0.000000] Policy zone: DMA32
[    0.000000] Kernel command line: BOOT_IMAGE=/boot/vmlinuz-4.4.0-210-generic root=LABEL=cloudimg-rootfs ro console=tty1 console=ttyS0
[    0.000000] PID hash table entries: 4096 (order: 3, 32768 bytes)
[    0.000000] Memory: 997792K/1048120K available (8644K kernel code, 1332K rwdata, 4044K rodata, 1492K init, 1164K bss, 50328K reserved, 0K cma-reserved)
[    0.000000] SLUB: HWalign=64, Order=0-3, MinObjects=0, CPUs=2, Nodes=1
[    0.000000] Hierarchical RCU implementation.
[    0.000000] 	Build-time adjustment of leaf fanout to 64.
[    0.000000] 	RCU restricting CPUs from NR_CPUS=512 to nr_cpu_ids=2.
[    0.000000] RCU: Adjusting geometry for rcu_fanout_leaf=64, nr_cpu_ids=2
[    0.000000] NR_IRQS:33024 nr_irqs:440 16
[    0.000000] Console: colour VGA+ 80x25
[    0.000000] console [tty1] enabled
[    0.000000] console [ttyS0] enabled
[    0.000000] tsc: Detected 2918.398 MHz processor
[    0.584720] Calibrating delay loop (skipped) preset value.. 5836.79 BogoMIPS (lpj=11673592)
[    0.590954] pid_max: default: 32768 minimum: 301
[    0.594472] ACPI: Core revision 20150930
[    0.598689] ACPI: 2 ACPI AML tables successfully acquired and loaded
[    0.606189] Security Framework initialized
[    0.610853] Yama: becoming mindful.
[    0.615758] AppArmor: AppArmor initialized
[    0.621560] Dentry cache hash table entries: 131072 (order: 8, 1048576 bytes)
[    0.631912] Inode-cache hash table entries: 65536 (order: 7, 524288 bytes)
[    0.642833] Mount-cache hash table entries: 2048 (order: 2, 16384 bytes)
[    0.648993] Mountpoint-cache hash table entries: 2048 (order: 2, 16384 bytes)
[    0.659717] Initializing cgroup subsys io
[    0.665269] Initializing cgroup subsys memory
[    0.670216] Initializing cgroup subsys devices
[    0.674922] Initializing cgroup subsys freezer
[    0.679264] Initializing cgroup subsys net_cls
[    0.683727] Initializing cgroup subsys perf_event
[    0.687214] Initializing cgroup subsys net_prio
[    0.690547] Initializing cgroup subsys hugetlb
[    0.695304] Initializing cgroup subsys pids
[    0.698829] mce: CPU supports 0 MCE banks
[    0.702802] Last level iTLB entries: 4KB 0, 2MB 0, 4MB 0
[    0.706767] Last level dTLB entries: 4KB 0, 2MB 0, 4MB 0, 1GB 0
[    0.711745] Spectre V1 : Mitigation: usercopy/swapgs barriers and __user pointer sanitization
[    0.719426] Spectre V2 : Mitigation: Enhanced IBRS
[    0.722730] Spectre V2 : Spectre v2 / SpectreRSB mitigation: Filling RSB on context switch
[    0.728686] Speculative Store Bypass: Vulnerable
[    0.759829] Freeing SMP alternatives memory: 36K
[    0.862799] ftrace: allocating 32380 entries in 127 pages
[    1.557764] smpboot: APIC(0) Converting physical 0 to logical package 0
[    1.566533] smpboot: Max logical packages: 1
[    1.591763] ..TIMER: vector=0x30 apic1=0 pin1=2 apic2=-1 pin2=-1
[    1.708166] smpboot: CPU0: 11th Gen Intel(R) Core(TM) i7-1195G7 @ 2.90GHz (family: 0x6, model: 0x8c, stepping: 0x2)
[    1.723059] Performance Events: unsupported p6 CPU model 140 no PMU driver, software events only.
[    1.820621] KVM setup paravirtual spinlock
[    1.825139] x86: Booting SMP configuration:
[    1.828144] .... node  #0, CPUs:      #1
[    1.832352] kvm-clock: cpu 1, msr 0:3ffe3041, secondary cpu clock
[    1.837316] mce: CPU supports 0 MCE banks
[    1.841366] TSC synchronization [CPU#0 -> CPU#1]:
[    1.844913] Measured 44881 cycles TSC warp between CPUs, turning off TSC clock.
[    1.850898] tsc: Marking TSC unstable due to check_tsc_sync_source failed
[    0.521438] x86: Booted up 1 node, 2 CPUs
[    0.524003] smpboot: Total of 2 processors activated (11673.59 BogoMIPS)
[    0.532521] devtmpfs: initialized
[    0.536328] evm: security.selinux
[    0.538673] evm: security.SMACK64
[    0.540006] evm: security.SMACK64EXEC
[    0.544003] evm: security.SMACK64TRANSMUTE
[    0.546925] evm: security.SMACK64MMAP
[    0.548002] evm: security.ima
[    0.552002] evm: security.capability
[    0.556168] clocksource: jiffies: mask: 0xffffffff max_cycles: 0xffffffff, max_idle_ns: 7645041785100000 ns
[    0.560012] futex hash table entries: 512 (order: 3, 32768 bytes)
[    0.568269] pinctrl core: initialized pinctrl subsystem
[    0.576442] RTC time: 19:48:03, date: 05/09/23
[    0.580738] NET: Registered protocol family 16
[    0.596009] cpuidle: using governor ladder
[    0.608006] cpuidle: using governor menu
[    0.610343] PCCT header not found.
[    0.612070] ACPI: bus type PCI registered
[    0.616003] acpiphp: ACPI Hot Plug PCI Controller Driver version: 0.5
[    0.620798] PCI: Using configuration type 1 for base access
[    0.640568] ACPI: Added _OSI(Module Device)
[    0.644002] ACPI: Added _OSI(Processor Device)
[    0.648003] ACPI: Added _OSI(3.0 _SCP Extensions)
[    0.652003] ACPI: Added _OSI(Processor Aggregator Device)
[    0.657055] ACPI: Executed 1 blocks of module-level executable AML code
[    0.668132] ACPI: Interpreter enabled
[    0.672011] ACPI: (supports S0 S5)
[    0.674523] ACPI: Using IOAPIC for interrupt routing
[    0.680210] PCI: Using host bridge windows from ACPI; if necessary, use "pci=nocrs" and report a bug
[    0.690345] ACPI: PCI Root Bridge [PCI0] (domain 0000 [bus 00-ff])
[    0.692014] acpi PNP0A03:00: _OSC: OS supports [ASPM ClockPM Segments MSI]
[    0.696434] acpi PNP0A03:00: _OSC: not requesting OS control; OS requires [ExtendedConfig ASPM ClockPM MSI]
[    0.700018] acpi PNP0A03:00: fail to add MMCONFIG information, can't access extended PCI configuration space under this bridge.
[    0.704614] PCI host bridge to bus 0000:00
[    0.708005] pci_bus 0000:00: root bus resource [io  0x0000-0x0cf7 window]
[    0.712006] pci_bus 0000:00: root bus resource [io  0x0d00-0xffff window]
[    0.716006] pci_bus 0000:00: root bus resource [mem 0x000a0000-0x000bffff window]
[    0.720004] pci_bus 0000:00: root bus resource [mem 0x40000000-0xfdffffff window]
[    0.724006] pci_bus 0000:00: root bus resource [bus 00-ff]
[    0.734482] pci 0000:00:01.1: legacy IDE quirk: reg 0x10: [io  0x01f0-0x01f7]
[    0.736025] pci 0000:00:01.1: legacy IDE quirk: reg 0x14: [io  0x03f6]
[    0.740007] pci 0000:00:01.1: legacy IDE quirk: reg 0x18: [io  0x0170-0x0177]
[    0.744006] pci 0000:00:01.1: legacy IDE quirk: reg 0x1c: [io  0x0376]
[    0.772771] pci 0000:00:07.0: quirk: [io  0x4000-0x403f] claimed by PIIX4 ACPI
[    0.776043] pci 0000:00:07.0: quirk: [io  0x4100-0x410f] claimed by PIIX4 SMB
[    0.792235] ACPI: PCI Interrupt Link [LNKA] (IRQs 5 9 10 *11)
[    0.797655] ACPI: PCI Interrupt Link [LNKB] (IRQs 5 9 *10 11)
[    0.804150] ACPI: PCI Interrupt Link [LNKC] (IRQs 5 *9 10 11)
[    0.813464] ACPI: PCI Interrupt Link [LNKD] (IRQs 5 9 10 *11)
[    0.820119] ACPI: Enabled 2 GPEs in block 00 to 07
[    0.824221] vgaarb: setting as boot device: PCI:0000:00:02.0
[    0.828000] vgaarb: device added: PCI:0000:00:02.0,decodes=io+mem,owns=io+mem,locks=none
[    0.828005] vgaarb: loaded
[    0.832002] vgaarb: bridge control possible 0000:00:02.0
[    0.840371] SCSI subsystem initialized
[    0.844206] ACPI: bus type USB registered
[    0.848023] usbcore: registered new interface driver usbfs
[    0.852027] usbcore: registered new interface driver hub
[    0.856028] usbcore: registered new device driver usb
[    0.860432] PCI: Using ACPI for IRQ routing
[    0.864755] NetLabel: Initializing
[    0.868002] NetLabel:  domain hash size = 128
[    0.870890] NetLabel:  protocols = UNLABELED CIPSOv4
[    0.872018] NetLabel:  unlabeled traffic allowed by default
[    0.880097] amd_nb: Cannot enumerate AMD northbridges
[    0.884288] clocksource: Switched to clocksource kvm-clock
[    0.903588] AppArmor: AppArmor Filesystem Enabled
[    0.903588] pnp: PnP ACPI init
[    0.903588] pnp: PnP ACPI: found 3 devices
[    0.977004] clocksource: acpi_pm: mask: 0xffffff max_cycles: 0xffffff, max_idle_ns: 2085701024 ns
[    0.980958] NET: Registered protocol family 2
[    0.989736] TCP established hash table entries: 8192 (order: 4, 65536 bytes)
[    0.993315] TCP bind hash table entries: 8192 (order: 5, 131072 bytes)
[    0.993315] TCP: Hash tables configured (established 8192 bind 8192)
[    0.993315] UDP hash table entries: 512 (order: 2, 16384 bytes)
[    0.993315] UDP-Lite hash table entries: 512 (order: 2, 16384 bytes)
[    0.993315] NET: Registered protocol family 1
[    0.993315] pci 0000:00:00.0: Limiting direct PCI/PCI transfers
[    0.993315] pci 0000:00:01.0: Activating ISA DMA hang workarounds
[    0.993315] Unpacking initramfs...
[    0.993315] Freeing initrd memory: 14888K
[    0.993315] clocksource: tsc: mask: 0xffffffffffffffff max_cycles: 0x2a1126e309d, max_idle_ns: 440795258009 ns
[    0.993315] platform rtc_cmos: registered platform RTC device (no PNP device found)
[    0.993315] Scanning for low memory corruption every 60 seconds
[    1.506484] audit: initializing netlink subsys (disabled)
[    1.510542] audit: type=2000 audit(1683661688.244:1): initialized
[    1.515176] Initialise system trusted keyring
[    1.519704] HugeTLB registered 2 MB page size, pre-allocated 0 pages
[    1.525683] zbud: loaded
[    1.528377] VFS: Disk quotas dquot_6.6.0
[    1.531569] VFS: Dquot-cache hash table entries: 512 (order 0, 4096 bytes)
[    1.538400] squashfs: version 4.0 (2009/01/31) Phillip Lougher
[    1.544239] fuse init (API version 7.23)
[    1.548197] Key type big_key registered
[    1.551346] Allocating IMA MOK and blacklist keyrings.
[    1.562289] Key type asymmetric registered
[    1.565091] Asymmetric key parser 'x509' registered
[    1.568925] Block layer SCSI generic (bsg) driver version 0.4 loaded (major 249)
[    1.574696] io scheduler noop registered
[    1.577422] io scheduler deadline registered (default)
[    1.580612] io scheduler cfq registered
[    1.583182] pci_hotplug: PCI Hot Plug PCI Core version: 0.5
[    1.586928] pciehp: PCI Express Hot Plug Controller Driver version: 0.4
[    1.590892] ACPI: AC Adapter [AC] (on-line)
[    1.590892] input: Power Button as /devices/LNXSYSTM:00/LNXPWRBN:00/input/input0
[    1.590892] ACPI: Power Button [PWRF]
[    1.590892] input: Sleep Button as /devices/LNXSYSTM:00/LNXSLPBN:00/input/input1
[    1.590892] ACPI: Sleep Button [SLPF]
[    1.613419] GHES: HEST is not enabled!
[    1.614690] ACPI: Battery Slot [BAT0] (battery present)
[    1.621551] Serial: 8250/16550 driver, 32 ports, IRQ sharing enabled
[    1.656012] 00:02: ttyS0 at I/O 0x3f8 (irq = 4, base_baud = 115200) is a 16550A
[    1.680650] Linux agpgart interface v0.103
[    1.694729] loop: module loaded
[    1.699619] scsi host0: ata_piix
[    1.703754] scsi host1: ata_piix
[    1.706961] ata1: PATA max UDMA/33 cmd 0x1f0 ctl 0x3f6 bmdma 0xd000 irq 14
[    1.712322] ata2: PATA max UDMA/33 cmd 0x170 ctl 0x376 bmdma 0xd008 irq 15
[    1.718634] libphy: Fixed MDIO Bus: probed
[    1.722145] tun: Universal TUN/TAP device driver, 1.6
[    1.725797] tun: (C) 1999-2004 Max Krasnyansky <maxk@qualcomm.com>
[    1.730904] PPP generic driver version 2.4.2
[    1.734921] ehci_hcd: USB 2.0 'Enhanced' Host Controller (EHCI) Driver
[    1.740279] ehci-pci: EHCI PCI platform driver
[    1.746331] ehci-platform: EHCI generic platform driver
[    1.752214] ohci_hcd: USB 1.1 'Open' Host Controller (OHCI) Driver
[    1.758504] ohci-pci: OHCI PCI platform driver
[    1.761890] ohci-platform: OHCI generic platform driver
[    1.765986] uhci_hcd: USB Universal Host Controller Interface driver
[    1.770637] i8042: PNP: PS/2 Controller [PNP0303:PS2K,PNP0f03:PS2M] at 0x60,0x64 irq 1,12
[    1.783902] serio: i8042 KBD port at 0x60,0x64 irq 1
[    1.796729] serio: i8042 AUX port at 0x60,0x64 irq 12
[    1.804435] mousedev: PS/2 mouse device common for all mice
[    1.814756] input: AT Translated Set 2 keyboard as /devices/platform/i8042/serio0/input/input2
[    1.825524] rtc_cmos rtc_cmos: rtc core: registered rtc_cmos as rtc0
[    1.831246] rtc_cmos rtc_cmos: alarms up to one day, 114 bytes nvram
[    1.836759] i2c /dev entries driver
[    1.840469] device-mapper: uevent: version 1.0.3
[    1.844450] device-mapper: ioctl: 4.34.0-ioctl (2015-10-28) initialised: dm-devel@redhat.com
[    1.851357] ledtrig-cpu: registered to indicate activity on CPUs
[    1.858294] NET: Registered protocol family 10
[    1.862821] NET: Registered protocol family 17
[    1.866414] Key type dns_resolver registered
[    1.870436] registered taskstats version 1
[    1.907376] Loading compiled-in X.509 certificates
[    1.917616] Loaded X.509 cert 'Build time autogenerated kernel key: cf00e047681d67edb2720680708b7d9498083038'
[    1.934052] zswap: loaded using pool lzo/zbud
[    1.943475] Key type trusted registered
[    1.952519] Key type encrypted registered
[    1.955469] AppArmor: AppArmor sha1 policy hashing enabled
[    1.959397] ima: No TPM chip found, activating TPM-bypass!
[    1.964349] ima: Allocated hash algorithm: sha1
[    1.969512] evm: HMAC attrs: 0x1
[    1.976716]   Magic number: 7:473:849
[    1.982954]  index1: hash matches
[    1.987204]  index1: hash matches
[    1.990867] graphics fbcon: hash matches
[    1.994262] rtc_cmos rtc_cmos: setting system clock to 2023-05-09 19:48:05 UTC (1683661685)
[    2.000662] BIOS EDD facility v0.16 2004-Jun-25, 0 devices found
[    2.004607] EDD information not available.
[    2.008781] Freeing unused kernel memory: 1492K
[    2.011708] Write protecting the kernel read-only data: 14336k
[    2.016158] Freeing unused kernel memory: 1584K
[    2.019726] Freeing unused kernel memory: 52K
Loading, please wait...
starting version 229
[    2.041727] random: systemd-udevd: uninitialized urandom read (16 bytes read, 5 bits of entropy available)
[    2.042398] random: udevadm: uninitialized urandom read (16 bytes read, 5 bits of entropy available)
[    2.042411] random: udevadm: uninitialized urandom read (16 bytes read, 5 bits of entropy available)
[    2.051293] random: udevadm: uninitialized urandom read (16 bytes read, 5 bits of entropy available)
[    2.051327] random: udevadm: uninitialized urandom read (16 bytes read, 5 bits of entropy available)
[    2.051479] random: udevadm: uninitialized urandom read (16 bytes read, 5 bits of entropy available)
[    2.051560] random: udevadm: uninitialized urandom read (16 bytes read, 5 bits of entropy available)
[    2.051626] random: udevadm: uninitialized urandom read (16 bytes read, 5 bits of entropy available)
[    2.051669] random: udevadm: uninitialized urandom read (16 bytes read, 5 bits of entropy available)
[    2.051706] random: udevadm: uninitialized urandom read (16 bytes read, 5 bits of entropy available)
[    2.153527] e1000: Intel(R) PRO/1000 Network Driver - version 7.3.21-k8-NAPI
[    2.161505] e1000: Copyright (c) 1999-2006 Intel Corporation.
[    2.170633] Fusion MPT base driver 3.04.20
[    2.175398] Copyright (c) 1999-2008 LSI Corporation
[    2.244731] Fusion MPT SPI Host driver 3.04.20
[    2.525110] input: ImExPS/2 Generic Explorer Mouse as /devices/platform/i8042/serio1/input/input4
[    2.899802] e1000 0000:00:03.0 eth0: (PCI:33MHz:32-bit) 02:be:82:6b:cc:1d
[    2.907766] e1000 0000:00:03.0 eth0: Intel(R) PRO/1000 Network Connection
[    3.721789] e1000 0000:00:08.0 eth1: (PCI:33MHz:32-bit) 08:00:27:1f:73:a1
[    3.726926] e1000 0000:00:08.0 eth1: Intel(R) PRO/1000 Network Connection
[    3.734240] e1000 0000:00:08.0 enp0s8: renamed from eth1
[    3.739671] mptbase: ioc0: Initiating bringup
[    3.748758] e1000 0000:00:03.0 enp0s3: renamed from eth0
[    3.812340] ioc0: LSI53C1030 A0: Capabilities={Initiator}
[    4.001651] scsi host2: ioc0: LSI53C1030 A0, FwRev=00000000h, Ports=1, MaxQ=256, IRQ=20
[    4.118865] scsi 2:0:0:0: Direct-Access     VBOX     HARDDISK         1.0  PQ: 0 ANSI: 5
[    4.124819] scsi target2:0:0: Beginning Domain Validation
[    4.133684] scsi target2:0:0: Domain Validation skipping write tests
[    4.138505] scsi target2:0:0: Ending Domain Validation
[    4.145672] scsi target2:0:0: asynchronous
[    4.156923] scsi 2:0:1:0: Direct-Access     VBOX     HARDDISK         1.0  PQ: 0 ANSI: 5
[    4.170562] scsi target2:0:1: Beginning Domain Validation
[    4.179339] scsi target2:0:1: Domain Validation skipping write tests
[    4.184533] scsi target2:0:1: Ending Domain Validation
[    4.189219] scsi target2:0:1: asynchronous
[    4.220792] sd 2:0:0:0: [sda] 83886080 512-byte logical blocks: (42.9 GB/40.0 GiB)
[    4.245327] sd 2:0:0:0: Attached scsi generic sg0 type 0
[    4.250373] sd 2:0:1:0: Attached scsi generic sg1 type 0
[    4.255670] sd 2:0:1:0: [sdb] 20480 512-byte logical blocks: (10.5 MB/10.0 MiB)
[    4.261119] sd 2:0:0:0: [sda] Write Protect is off
[    4.265371] sd 2:0:1:0: [sdb] Write Protect is off
[    4.269181] sd 2:0:0:0: [sda] Incomplete mode parameter data
[    4.273175] sd 2:0:0:0: [sda] Assuming drive cache: write through
[    4.273254] sd 2:0:1:0: [sdb] Incomplete mode parameter data
[    4.273255] sd 2:0:1:0: [sdb] Assuming drive cache: write through
[    4.277231] sd 2:0:1:0: [sdb] Attached SCSI disk
[    4.292243]  sda: sda1
[    4.295733] sd 2:0:0:0: [sda] Attached SCSI disk
Begin: Loading essential drivers ... [    6.062967] md: linear personality registered for level -1
[    6.074383] md: multipath personality registered for level -4
[    6.087801] md: raid0 personality registered for level 0
[    6.114356] md: raid1 personality registered for level 1
[    6.883088] raid6: sse2x1   gen() 123193 MB/s
[    8.882550] raid6: sse2x1   xor() 111421 MB/s
[   10.884827] raid6: sse2x2   gen() 219447 MB/s
[   10.960502] raid6: sse2x2   xor()  7081 MB/s
[   11.037112] raid6: sse2x4   gen() 15748 MB/s
[   11.110589] raid6: sse2x4   xor() 10669 MB/s
[   11.114022] raid6: using algorithm sse2x2 gen() 219447 MB/s
[   11.117977] raid6: .... xor() 7081 MB/s, rmw enabled
[   11.121503] raid6: using ssse3x2 recovery algorithm
[   11.128474] xor: measuring software checksum speed
[   11.168101]    prefetch64-sse: 26195.000 MB/sec
[   11.212118]    generic_sse: 19630.000 MB/sec
[   11.216071] xor: using function: prefetch64-sse (26195.000 MB/sec)
[   11.223734] async_tx: api initialized (async)
[   11.257450] md: raid6 personality registered for level 6
[   11.261332] md: raid5 personality registered for level 5
[   11.265321] md: raid4 personality registered for level 4
[   11.286718] md: raid10 personality registered for level 10
done.
Begin: Running /scripts/init-premount ... done.
Begin: Mounting root file system ... Begin: Running /scripts/local-top ... done.
Begin: Running /scripts/local-premount ... [   11.388833] Btrfs loaded
Scanning for Btrfs filesystems
done.
Warning: fsck not present, so skipping root file system
[   11.452588] EXT4-fs (sda1): mounted filesystem with ordered data mode. Opts: (null)
done.
Begin: Running /scripts/local-bottom ... done.
Begin: Running /scripts/init-bottom ... done.
[   11.608744] systemd[1]: systemd 229 running in system mode. (+PAM +AUDIT +SELINUX +IMA +APPARMOR +SMACK +SYSVINIT +UTMP +LIBCRYPTSETUP +GCRYPT +GNUTLS +ACL +XZ -LZ4 +SECCOMP +BLKID +ELFUTILS +KMOD -IDN)
[   11.621973] systemd[1]: Detected virtualization oracle.
[   11.626213] systemd[1]: Detected architecture x86-64.

Welcome to [1mUbuntu 16.04.7 LTS[0m!

[   11.638110] systemd[1]: Set hostname to <ubuntu>.
[   11.645554] systemd[1]: Initializing machine ID from random generator.
[   11.649927] systemd[1]: Installed transient /etc/machine-id file.
[   11.780993] systemd[1]: Listening on /dev/initctl Compatibility Named Pipe.
[[0;32m  OK  [0m] Listening on /dev/initctl Compatibility Named Pipe.
[   11.791503] systemd[1]: Set up automount Arbitrary Executable File Formats File System Automount Point.
[[0;32m  OK  [0m] Set up automount Arbitrary Executab...ats File System Automount Point.
[   11.807886] systemd[1]: Listening on LVM2 poll daemon socket.
[[0;32m  OK  [0m] Listening on LVM2 poll daemon socket.
[   11.825384] systemd[1]: Created slice User and Session Slice.
[[0;32m  OK  [0m] Created slice User and Session Slice.
[   11.837542] systemd[1]: Reached target System Time Synchronized.
[[0;32m  OK  [0m] Reached target System Time Synchronized.
[   11.846661] systemd[1]: Created slice System Slice.
[[0;32m  OK  [0m] Created slice System Slice.
[   11.855789] systemd[1]: Created slice system-serial\x2dgetty.slice.
[[0;32m  OK  [0m] Created slice system-serial\x2dgetty.slice.
[   11.865734] systemd[1]: Listening on Journal Audit Socket.
[[0;32m  OK  [0m] Listening on Journal Audit Socket.
[   11.878845] systemd[1]: Listening on LVM2 metadata daemon socket.
[[0;32m  OK  [0m] Listening on LVM2 metadata daemon socket.
[   11.892841] systemd[1]: Listening on Syslog Socket.
[[0;32m  OK  [0m] Listening on Syslog Socket.
[   11.901007] systemd[1]: Listening on Journal Socket.
[[0;32m  OK  [0m] Listening on Journal Socket.
[   11.921016] systemd[1]: Mounting Debug File System...
         Mounting Debug File System...
[   11.932885] systemd[1]: Starting Load Kernel Modules...
         Starting Load Kernel Modules...
[   11.946204] systemd[1]: Starting Uncomplicated firewall...
[   11.954371] Loading iSCSI transport class v2.0-870.
         Starting Uncomplicated firewall...
[   11.965211] systemd[1]: Mounting POSIX Message Queue File System...
         Mounting POSIX Message Queue File System...
[   11.979291] iscsi: registered transport (tcp)
[   11.982947] systemd[1]: Started Forward Password Requests to Wall Directory Watch.
[[0;32m  OK  [0m] Started Forward Password Requests to Wall Directory Watch.
[   11.999845] systemd[1]: Listening on Journal Socket (/dev/log).
[[0;32m  OK  [0m] Listening on Journal Socket (/dev/log).
[   12.016920] systemd[1]: Started Trigger resolvconf update for networkd DNS.
[[0;32m  OK  [0m] Started Trigger resolvconf update for networkd DNS.
[   12.048683] systemd[1]: Starting Nameserver information manager...
         Starting Nameserver information manager...
[   12.063015] systemd[1]: Reached target User and Group Name Lookups.
[[0;32m  OK  [0m] Reached target User and Group Name Lookups.
[   12.076744] systemd[1]: Reached target Slices.
[   12.085395] iscsi: registered transport (iser)
[[0;32m  OK  [0m] Reached target Slices.
[   12.098507] systemd[1]: Listening on udev Control Socket.
[[0;32m  OK  [0m] Listening on udev Control Socket.
[   12.108963] systemd[1]: Listening on udev Kernel Socket.
[[0;32m  OK  [0m] Listening on udev Kernel Socket.
[   12.132624] systemd[1]: Starting Journal Service...
         Starting Journal Service...
[   12.149102] systemd[1]: Starting Set console keymap...
         Starting Set console keymap...
[   12.159119] systemd[1]: Reached target Encrypted Volumes.
[[0;32m  OK  [0m] Reached target Encrypted Volumes.
[   12.171099] systemd[1]: Mounting Huge Pages File System...
         Mounting Huge Pages File System...
[   12.184586] systemd[1]: Starting Create list of required static device nodes for the current kernel...
         Starting Create list of required st... nodes for the current kernel...
[   12.206511] systemd[1]: Reached target Swap.
[[0;32m  OK  [0m] Reached target Swap.
[   12.221387] systemd[1]: Listening on fsck to fsckd communication Socket.
[[0;32m  OK  [0m] Listening on fsck to fsckd communication Socket.
[   12.248162] systemd[1]: Starting File System Check on Root Device...
         Starting File System Check on Root Device...
[   12.258955] systemd[1]: Listening on Device-mapper event daemon FIFOs.
[[0;32m  OK  [0m] Listening on Device-mapper event daemon FIFOs.
[   12.275743] systemd[1]: Starting Monitoring of LVM2 mirrors, snapshots etc. using dmeventd or progress polling...
         Starting Monitoring of LVM2 mirrors... dmeventd or progress polling...
[   12.293408] systemd[1]: Mounted Huge Pages File System.
[[0;32m  OK  [0m] Mounted Huge Pages File System.
[   12.303381] systemd[1]: Mounted POSIX Message Queue File System.
[[0;32m  OK  [0m] Mounted POSIX Message Queue File System.
[   12.310789] systemd[1]: Mounted Debug File System.
[[0;32m  OK  [0m] Mounted Debug File System.
[   12.317738] systemd[1]: Started Journal Service.
[[0;32m  OK  [0m] Started Journal Service.
[[0;32m  OK  [0m] Started Load Kernel Modules.
[[0;32m  OK  [0m] Started Uncomplicated firewall.
[[0;32m  OK  [0m] Started Set console keymap.
[[0;32m  OK  [0m] Started Create list of required sta...ce nodes for the current kernel.
[[0;32m  OK  [0m] Started File System Check on Root Device.
[[0;32m  OK  [0m] Started Nameserver information manager.
[[0;32m  OK  [0m] Started LVM2 metadata daemon.
[[0;32m  OK  [0m] Started File System Check Daemon to report status.
         Starting Remount Root and Kernel File Systems...[   12.396638] EXT4-fs (sda1): re-mounted. Opts: (null)

         Starting Create Static Device Nodes in /dev...
         Mounting FUSE Control File System...
         Starting Apply Kernel Variables...
[[0;32m  OK  [0m] Mounted FUSE Control File System.
[[0;32m  OK  [0m] Started Remount Root and Kernel File Systems.
[[0;32m  OK  [0m] Started Create Static Device Nodes in /dev.
[[0;32m  OK  [0m] Started Apply Kernel Variables.
         Starting udev Kernel Device Manager...
         Starting Load/Save Random Seed...
         Starting Flush Journal to Persistent Storage...
         Starting udev Coldplug all Devices...
[[0;32m  OK  [0m] Started Load/Save Random Seed.
[[0;32m  OK  [0m] Started Flush Journal to Persistent Storage.
[[0;32m  OK  [0m] Started udev Kernel Device Manager.
[[0;32m  OK  [0m] Started udev Coldplug all Devices.
[[0;32m  OK  [0m] Started Dispatch Password Requests to Console Directory Watch.
[[0;32m  OK  [0m] Found device /dev/ttyS0.
[[0;32m  OK  [0m] Listening on Load/Save RF Kill Switch Status /dev/rfkill Watch.
[[0;32m  OK  [0m] Started Monitoring of LVM2 mirrors,...ng dmeventd or progress polling.
[[0;32m  OK  [0m] Reached target Local File Systems (Pre).
[[0;32m  OK  [0m] Reached target Local File Systems.
         Starting LSB: AppArmor initialization...
         Starting Tell Plymouth To Write Out Runtime Data...
         Starting Initial cloud-init job (pre-networking)...
         Starting Commit a transient machine-id on disk...
         Starting Set console font and keymap...
         Starting Create Volatile Files and Directories...
[[0;32m  OK  [0m] Started Tell Plymouth To Write Out Runtime Data.
[[0;32m  OK  [0m] Started Create Volatile Files and Directories.
[[0;32m  OK  [0m] Started Commit a transient machine-id on disk.
         Starting Update UTMP about System Boot/Shutdown...
[[0;32m  OK  [0m] Started Update UTMP about System Boot/Shutdown.
[[0;32m  OK  [0m] Started LSB: AppArmor initialization.
         Starting Load AppArmor profiles managed internally by snapd...
[[0;32m  OK  [0m] Started Load AppArmor profiles managed internally by snapd.
[[0;32m  OK  [0m] Started Set console font and keymap.
[[0;32m  OK  [0m] Created slice system-getty.slice.
[   15.157287] cloud-init[600]: Cloud-init v. 21.1-19-gbad84ad4-0ubuntu1~16.04.2 running 'init-local' at Tue, 09 May 2023 19:48:18 +0000. Up 14.64 seconds.
[[0;32m  OK  [0m] Started Initial cloud-init job (pre-networking).
[[0;32m  OK  [0m] Reached target Network (Pre).
         Starting Raise network interfaces...
[[0;32m  OK  [0m] Started Raise network interfaces.
         Starting Initial cloud-init job (metadata service crawler)...
[[0;32m  OK  [0m] Reached target Network.
[   16.244948] cloud-init[937]: Cloud-init v. 21.1-19-gbad84ad4-0ubuntu1~16.04.2 running 'init' at Tue, 09 May 2023 19:48:19 +0000. Up 15.75 seconds.
[   16.260421] cloud-init[937]: ci-info: ++++++++++++++++++++++++++++++++++++++Net device info+++++++++++++++++++++++++++++++++++++++
[   16.269247] cloud-init[937]: ci-info: +--------+-------+----------------------------+---------------+--------+-------------------+
[   16.285377] [[0;32m  OK  [0m] Started Initial cloud-init job (metadata service crawler).
[[0;32m  OK  [0m] Reached target Network is Online.
cloud-init[937]: ci-info: | Device |   Up  |          Address           |      Mask     | Scope  |     Hw-Address    |
[   16.294114] cloud-init[937]: ci-info: +--------+-------+----------------------------+---------------+--------+-------------------+
[   16.300511]          Starting iSCSI initiator daemon (iscsid)...
[[0;32m  OK  [0m] Reached target System Initialization.
[[0;32m  OK  [0m] Started Daily Cleanup of Temporary Directories.
         Starting LXD - unix socket.
[[0;32m  OK  [0m] Listening on UUID daemon activation socket.
cloud-init[937]: ci-info: | enp0s3 |  True |         10.0.2.15          | 255.255.255.0 | global | 02:be:82:6b:cc:1d |[[0;32m  OK  [0m] Started ACPI Events Check.
[[0;32m  OK  [0m] Reached target Paths.
[[0;32m  OK  [0m] Started Message of the Day.
[[0;32m  OK  [0m] Listening on D-Bus System Message Bus Socket.
         Starting Socket activation for snappy daemon.
[[0;32m  OK  [0m] Started Daily apt download activities.
[[0;32m  OK  [0m] Started Daily apt upgrade and clean activities.
[[0;32m  OK  [0m] Started Ubuntu Advantage update messaging.
[[0;32m  OK  [0m] Reached target Timers.
[[0;32m  OK  [0m] Listening on ACPID Listen Socket.
[[0;32m  OK  [0m] Reached target Cloud-config availability.
[[0;32m  OK  [0m] Listening on LXD - unix socket.
[[0;32m  OK  [0m] Listening on Socket activation for snappy daemon.
[[0;32m  OK  [0m] Reached target Sockets.
[[0;32m  OK  [0m] Reached target Basic System.
         Starting Login Service...
         Starting LSB: MD monitoring daemon...
         Starting Pollinate to seed the pseudo random number generator...
         Starting Snap Daemon...
         Starting /etc/rc.local Compatibility...
[[0;32m  OK  [0m] Started Deferred execution scheduler.

[[0;32m  OK  [0m] Started ACPI event daemon.
[   16.360957] cloud-init[937]: ci-info: | enp0s3 |  True | fe80::be:82ff:fe6b:cc1d/64 |       .       |  link  | 02:be:82:6b:cc:1d |
[   16.367257] cloud-init[937]: ci-info: | enp0s8 | False |             .              |       .       |   .    | 08:00:27:1f:73:a1 |
[   16.371849] cloud-init[937]: ci-info: |   lo   |  True |         127.0.0.1          |   255.0.0.0   |  host  |         .         |
[   16.376800] cloud-init[937]: ci-info: |   lo   |  True |          ::1/128           |       .       |  host  |         .         |
[   16.382183] [[0;32m  OK  [0m] Started Regular background program processing daemon.
         Starting Accounts Service...
         Starting LXD - container startup/shutdown...
         Starting LSB: Record successful boot for GRUB...
[[0;32m  OK  [0m] Started FUSE filesystem for LXC.
         Starting System Logging Service...
[[0;32m  OK  [0m] Started D-Bus System Message Bus.
cloud-init[937]: ci-info: +--------+-------+----------------------------+---------------+--------+-------------------+         Starting Virtualbox guest utils...

[[0;32m  OK  [0m] Started System Logging Service.
[[0;32m  OK  [0m] Started /etc/rc.local Compatibility.
[[0;32m  OK  [0m] Started Login Service.
[[0;32m  OK  [0m] Started Unattended Upgrades Shutdown.
[   16.487959] [[0;32m  OK  [0m] Started iSCSI initiator daemon (iscsid).
cloud-init         Starting Login to default iSCSI targets...
[[0;32m  OK  [0m] Started LSB: MD monitoring daemon.
[937]: ci-info: +++++++++++++++++++++++++++Route IPv4 info++++++++++++++++++++++++++++
[   16.544504] [[0;32m  OK  [0m] Started LSB: Record successful boot for GRUB.
cloud-init[937]: ci-info: +-------+-------------+----------+---------------+-----------+-------+
[[0;32m  OK  [0m] Started Login to default iSCSI targets.
[[0;32m  OK  [0m] Reached target Remote File Systems (Pre).
[[0;32m  OK  [0m] Reached target Remote File Systems.
         Starting Permit User Sessions...
         Starting LSB: daemon to balance interrupts for SMP systems...
         Starting LSB: Set the CPU Frequency Scaling governor to "ondemand"...
         Starting LSB: automatic crash report generation...
[[0;32m  OK  [0m] Started Permit User Sessions.
[   16.607080]          Starting Hold until boot process finishes up...
         Starting Terminate Plymouth Boot Screen...
cloud-init[937]: ci-info: | Route | Destination | Gateway  |    Genmask    | Interface | Flags |[[0;32m  OK  [0m] Started Hold until boot process finishes up.
[[0;32m  OK  [0m] Started Terminate Plymouth Boot Screen.
[[0;32m  OK  [0m] Started Getty on tty1.
         Starting Set console scheme...
[[0;32m  OK  [0m] Started Serial Getty on ttyS0.

[[0;32m  OK  [0m] Reached target Login Prompts.
[   16.658524] [[0;32m  OK  [0m] Started LSB: Set the CPU Frequency Scaling governor to "ondemand".
[[0;32m  OK  [0m] Started Set console scheme.
cloud-init[[0;32m  OK  [0m] Started LSB: daemon to balance interrupts for SMP systems.
[937]: ci-info: +-------+-------------+----------+---------------+-----------+-------+
[[0;32m  OK  [0m] Started LSB: automatic crash report generation.
[   16.724567] cloud-init[937]: ci-info: |   0   |   0.0.0.0   | 10.0.2.2 |    0.0.0.0    |   enp0s3  |   UG  |
[   16.737345] cloud-init[937]: ci-info: |   1   |   10.0.2.0  | 0.0.0.0  | 255.255.255.0 |   enp0s3  |   U   |
[   16.746697] cloud-init[937]: ci-info: +-------+-------------+----------+---------------+-----------+-------+         Starting Authenticate and Authorize Users to Run Privileged Tasks...

[   16.761581] cloud-init[937]: ci-info: +++++++++++++++++++Route IPv6 info+++++++++++++++++++
[   16.774634] [[0;32m  OK  [0m] Started Virtualbox guest utils.
cloud-init[937]: ci-info: +-------+-------------+---------+-----------+-------+
[   16.800968] cloud-init[937]: ci-info: | Route | Destination | Gateway | Interface | Flags |
[   16.818431] cloud-init[937]: ci-info: +-------+-------------+---------+-----------+-------+[[0;32m  OK  [0m] Started LXD - container startup/shutdown.

[   16.832443] cloud-init[937]: ci-info: |   0   |  fe80::/64  |    ::   |   enp0s3  |   U   |
[[0;32m  OK  [0m] Started Authenticate and Authorize Users to Run Privileged Tasks.
[   16.839097] [[0;32m  OK  [0m] Started Accounts Service.
cloud-init[937]: ci-info: |   3   |   ff00::/8  |    ::   |   enp0s3  |   U   |
[   16.861509] cloud-init[937]: ci-info: +-------+-------------+---------+-----------+-------+
[   16.865212] cloud-init[937]: Generating public/private rsa key pair.
[   16.868499] cloud-init[937]: Your identification has been saved in /etc/ssh/ssh_host_rsa_key.
[   16.872713] cloud-init[937]: Your public key has been saved in /etc/ssh/ssh_host_rsa_key.pub.
[   16.877187] cloud-init[937]: The key fingerprint is:
[   16.880991] cloud-init[937]: SHA256:qxuvWA6EMMkGqN8Nkp5+2V02yu9IUNRnGwjoYHxAuSc root@ubuntu-xenial
[   16.885496] cloud-init[937]: The key's randomart image is:
[   16.889158] cloud-init[937]: +---[RSA 2048]----+
[   16.891951] cloud-init[937]: |o  ooo .oo .     |
[   16.894947] cloud-init[937]: |+.  = o.  o +    |
[   16.897592] cloud-init[937]: |=o o =  .  o o   |
[   16.899745] cloud-init[937]: |ooo.E o.    .    |
[   16.902578] cloud-init[937]: | o.+.=. S        |
[   16.905141] cloud-init[937]: |  +.. .. .+      |
[   16.908103] cloud-init[937]: | .  .oooo+ .     |
[   16.911056] cloud-init[937]: |  . o=.=+.       |
[   16.914537] cloud-init[937]: |   .. =oooo      |
[   16.917173] cloud-init[937]: +----[SHA256]-----+
[   16.919753] cloud-init[937]: Generating public/private dsa key pair.
[   16.922704] cloud-init[937]: Your identification has been saved in /etc/ssh/ssh_host_dsa_key.
[   16.926902] cloud-init[937]: Your public key has been saved in /etc/ssh/ssh_host_dsa_key.pub.
[   16.932183] cloud-init[937]: The key fingerprint is:
[   16.935838] cloud-init[937]: SHA256:GBoJ/tA7LXXOiVUNp5QDgv4J9N9MINLX/H/4c8tVGLI root@ubuntu-xenial
[   16.940701] cloud-init[937]: The key's randomart image is:
[   16.943971] cloud-init[937]: +---[DSA 1024]----+
[   16.947439] cloud-init[937]: |  .  o. .+++.    |
[   16.950706] cloud-init[937]: | . o+.o.oo=o.    |
[   16.954357] cloud-init[937]: |  oo+oooo..o. .  |
[   16.958239] cloud-init[937]: |   oo*.O .. .o o |
[   16.966660] cloud-init[937]: |    *o+oS+  E....|
[   16.976060] cloud-init[937]: |     oo . o   o o|
[   16.980764] cloud-init[937]: |               o.|
[   16.987320] cloud-init[937]: |              ..+|
[   16.994822] cloud-init[937]: |               o+|
[   17.001634] cloud-init[937]: +----[SHA256]-----+
[   17.007968] cloud-init[937]: Generating public/private ecdsa key pair.
[   17.017904] [[0;32m  OK  [0m] Started Snap Daemon.
cloud-init[937]: Your identification has been saved in /etc/ssh/ssh_host_ecdsa_key.
[   17.034324] cloud-init[937]: Your public key has been saved in /etc/ssh/ssh_host_ecdsa_key.pub.
         Starting Wait until snapd is fully seeded...
[   17.042309] cloud-init[937]: The key fingerprint is:
[   17.046441] cloud-init[937]: SHA256:Rk8XuMEXXRiEpgIjgzTjAcmGXStoVupZj/w3KHThUrY root@ubuntu-xenial
[   17.054357] cloud-init[937]: The key's randomart image is:
[   17.059717] cloud-init[937]: +---[ECDSA 256]---+
[   17.068537] cloud-init[937]: |+==+.    . .o=o+.|
[   17.075264] cloud-init[937]: |o==+o.o   + +.o  |
[   17.081444] cloud-init[937]: |o+o..* o. .*.    |
[   17.088746] cloud-init[937]: |+ +.* o..oo.     |
[   17.101373] cloud-init[937]: | o = E  S..      |
[   17.108657] cloud-init[937]: |  . + ..         |
[   17.118461] cloud-init[937]: |   . o o         |
[   17.124737] cloud-init[937]: |    . . .        |
[   17.135037] cloud-init[937]: |                 |
[   17.142705] cloud-init[937]: +----[SHA256]-----+
[   17.149471] cloud-init[937]: Generating public/private ed25519 key pair.
[   17.157709] cloud-init[937]: Your identification has been saved in /etc/ssh/ssh_host_ed25519_key.
[   17.164647] cloud-init[937]: Your public key has been saved in /etc/ssh/ssh_host_ed25519_key.pub.
[   17.173276] cloud-init[937]: The key fingerprint is:
[   17.181487] cloud-init[937]: SHA256:LOMpCMnfL00kyB17lF2+Ol/C8+dQm2cpjnQZpAs7WMo root@ubuntu-xenial
[   17.188787] cloud-init[937]: The key's randomart image is:
[   17.194827] cloud-init[937]: +--[ED25519 256]--+
[   17.200700] cloud-init[937]: |        o ..     |
[   17.206608] cloud-init[937]: |     . o ..      |
[   17.212991] cloud-init[937]: |  . o +    . .   |
[   17.218324] cloud-init[937]: |.. o + +    +    |
[   17.224282] cloud-init[937]: |o.    * So o . . |
[   17.228395] cloud-init[937]: | ......=+ = . + +|
[   17.235046] cloud-init[937]: |  ....=E = * * +o|
[   17.241929] cloud-init[937]: |     o..  = O oo.|
[   17.248816] cloud-init[937]: |      ..   o oo. |
[   17.253950] cloud-init[937]: +----[SHA256]-----+
[[0;32m  OK  [0m] Started Pollinate to seed the pseudo random number generator.
         Starting OpenBSD Secure Shell server...
[[0;32m  OK  [0m] Started OpenBSD Secure Shell server.
[[0;32m  OK  [0m] Created slice User Slice of vagrant.
         Starting User Manager for UID 1000...
[[0;32m  OK  [0m] Started Session 1 of user vagrant.
[[0;32m  OK  [0m] Started User Manager for UID 1000.
[[0;32m  OK  [0m] Started Wait until snapd is fully seeded.
[[0;32m  OK  [0m] Reached target Multi-User System.
[[0;32m  OK  [0m] Reached target Graphical Interface.
         Starting Update UTMP about System Runlevel Changes...
         Starting Apply the settings specified in cloud-config...
[[0;32m  OK  [0m] Started Update UTMP about System Runlevel Changes.
[   20.527890] cloud-init[1448]: Generating locales (this might take a while)...
[   21.433397] cloud-init[1448]:   en_US.UTF-8... done
[   21.440475] cloud-init[1448]: Generation complete.
[   21.732481] cloud-init[1448]: Cloud-init v. 21.1-19-gbad84ad4-0ubuntu1~16.04.2 running 'modules:config' at Tue, 09 May 2023 19:48:23 +0000. Up 20.42 seconds.
ci-info: no authorized SSH keys fingerprints found for user ubuntu.
<14>May  9 19:48:25 ec2: 
<14>May  9 19:48:25 ec2: #############################################################
<14>May  9 19:48:25 ec2: -----BEGIN SSH HOST KEY FINGERPRINTS-----
<14>May  9 19:48:25 ec2: 1024 SHA256:GBoJ/tA7LXXOiVUNp5QDgv4J9N9MINLX/H/4c8tVGLI root@ubuntu-xenial (DSA)
<14>May  9 19:48:25 ec2: 256 SHA256:Rk8XuMEXXRiEpgIjgzTjAcmGXStoVupZj/w3KHThUrY root@ubuntu-xenial (ECDSA)
<14>May  9 19:48:25 ec2: 256 SHA256:LOMpCMnfL00kyB17lF2+Ol/C8+dQm2cpjnQZpAs7WMo root@ubuntu-xenial (ED25519)
<14>May  9 19:48:25 ec2: 2048 SHA256:qxuvWA6EMMkGqN8Nkp5+2V02yu9IUNRnGwjoYHxAuSc root@ubuntu-xenial (RSA)
<14>May  9 19:48:25 ec2: -----END SSH HOST KEY FINGERPRINTS-----
<14>May  9 19:48:25 ec2: #############################################################
-----BEGIN SSH HOST KEY KEYS-----
ecdsa-sha2-nistp256 AAAAE2VjZHNhLXNoYTItbmlzdHAyNTYAAAAIbmlzdHAyNTYAAABBBIrwcrKkd5nnlki0IewC7y7x3v1uLIkfyH9gF6PLIvah9FgvZZn5hWX1XzI1orKrbMOobI3WXiJllm4xeFIzcJo= root@ubuntu-xenial
ssh-ed25519 AAAAC3NzaC1lZDI1NTE5AAAAIBCrdiNgp5vXW+55gqFCGstREQoMLDq7Xd1WqFnmWEOZ root@ubuntu-xenial
ssh-rsa AAAAB3NzaC1yc2EAAAADAQABAAABAQDM8zaf63Bk0y34/zJIXIlodhckCOn0rdXti4DQ7TT8QhHySbdxR0QjUDYi1rdwGfqcEk04X4PKXPo+eWkI+kq9ulgwMEhfbZ7aLguE73Dxm8CHYeiIP8qwa82kVJGOOpT3PCmbQ6OChMHSaWuhOBt0sA6Rl3u6ldZ+5gVRmeGVwzHiWRz7P8IslZ1MtGJqh5aeGeG0qU++PSSbt5IxZrMIj7Fcw6L6EUvJaKPn3dPIdNeaLZRcqonkOs2jUs1HSI3oQbmMDT77oRAnFLdv4yt917lZGRdBqz/H0vCINMvDqz6B82idwLd2ugbgpO8JpOpRIUxVFh1f7yVtmGhHLgdH root@ubuntu-xenial
-----END SSH HOST KEY KEYS-----
[   22.142850] cloud-init[1561]: Cloud-init v. 21.1-19-gbad84ad4-0ubuntu1~16.04.2 running 'modules:final' at Tue, 09 May 2023 19:48:25 +0000. Up 21.99 seconds.
[   22.147644] cloud-init[1561]: ci-info: no authorized SSH keys fingerprints found for user ubuntu.
[   22.151606] cloud-init[1561]: Cloud-init v. 21.1-19-gbad84ad4-0ubuntu1~16.04.2 finished at Tue, 09 May 2023 19:48:25 +0000. Datasource DataSourceNoCloud [seed=/dev/sdb][dsmode=net].  Up 22.10 seconds

Ubuntu 16.04.7 LTS ubuntu-xenial ttyS0

ubuntu-xenial login: 