[    0.000000] Linux version 4.15.0-210-generic (buildd@lcy02-amd64-056) (gcc version 7.5.0 (Ubuntu 7.5.0-3ubuntu1~18.04)) #221-Ubuntu SMP Tue Apr 18 08:32:52 UTC 2023 (Ubuntu 4.15.0-210.221-generic 4.15.18)
[    0.000000] Command line: BOOT_IMAGE=/boot/vmlinuz-4.15.0-210-generic root=LABEL=cloudimg-rootfs ro console=tty1 console=ttyS0
[    0.000000] KERNEL supported cpus:
[    0.000000]   Intel GenuineIntel
[    0.000000]   AMD AuthenticAMD
[    0.000000]   Centaur CentaurHauls
[    0.000000] x86/fpu: x87 FPU will use FXSAVE
[    0.000000] e820: BIOS-provided physical RAM map:
[    0.000000] BIOS-e820: [mem 0x0000000000000000-0x000000000009fbff] usable
[    0.000000] BIOS-e820: [mem 0x000000000009fc00-0x000000000009ffff] reserved
[    0.000000] BIOS-e820: [mem 0x00000000000f0000-0x00000000000fffff] reserved
[    0.000000] BIOS-e820: [mem 0x0000000000100000-0x000000003ffeffff] usable
[    0.000000] BIOS-e820: [mem 0x000000003fff0000-0x000000003fffffff] ACPI data
[    0.000000] BIOS-e820: [mem 0x00000000fec00000-0x00000000fec00fff] reserved
[    0.000000] BIOS-e820: [mem 0x00000000fee00000-0x00000000fee00fff] reserved
[    0.000000] BIOS-e820: [mem 0x00000000fffc0000-0x00000000ffffffff] reserved
[    0.000000] NX (Execute Disable) protection: active
[    0.000000] SMBIOS 2.5 present.
[    0.000000] DMI: innotek GmbH VirtualBox/VirtualBox, BIOS VirtualBox 12/01/2006
[    0.000000] Hypervisor detected: KVM
[    0.000000] e820: last_pfn = 0x3fff0 max_arch_pfn = 0x400000000
[    0.000000] MTRR: Disabled
[    0.000000] x86/PAT: MTRRs disabled, skipping PAT initialization too.
[    0.000000] CPU MTRRs all blank - virtualized system.
[    0.000000] x86/PAT: Configuration [0-7]: WB  WT  UC- UC  WB  WT  UC- UC  
[    0.000000] found SMP MP-table at [mem 0x0009fff0-0x0009ffff]
[    0.000000] Scanning 1 areas for low memory corruption
[    0.000000] RAMDISK: [mem 0x3580d000-0x36bfdfff]
[    0.000000] ACPI: Early table checksum verification disabled
[    0.000000] ACPI: RSDP 0x00000000000E0000 000024 (v02 VBOX  )
[    0.000000] ACPI: XSDT 0x000000003FFF0030 00003C (v01 VBOX   VBOXXSDT 00000001 ASL  00000061)
[    0.000000] ACPI: FACP 0x000000003FFF00F0 0000F4 (v04 VBOX   VBOXFACP 00000001 ASL  00000061)
[    0.000000] ACPI: DSDT 0x000000003FFF0470 002325 (v02 VBOX   VBOXBIOS 00000002 INTL 20100528)
[    0.000000] ACPI: FACS 0x000000003FFF0200 000040
[    0.000000] ACPI: FACS 0x000000003FFF0200 000040
[    0.000000] ACPI: APIC 0x000000003FFF0240 00005C (v02 VBOX   VBOXAPIC 00000001 ASL  00000061)
[    0.000000] ACPI: SSDT 0x000000003FFF02A0 0001CC (v01 VBOX   VBOXCPUT 00000002 INTL 20100528)
[    0.000000] ACPI: Reserving FACP table memory at [mem 0x3fff00f0-0x3fff01e3]
[    0.000000] ACPI: Reserving DSDT table memory at [mem 0x3fff0470-0x3fff2794]
[    0.000000] ACPI: Reserving FACS table memory at [mem 0x3fff0200-0x3fff023f]
[    0.000000] ACPI: Reserving FACS table memory at [mem 0x3fff0200-0x3fff023f]
[    0.000000] ACPI: Reserving APIC table memory at [mem 0x3fff0240-0x3fff029b]
[    0.000000] ACPI: Reserving SSDT table memory at [mem 0x3fff02a0-0x3fff046b]
[    0.000000] No NUMA configuration found
[    0.000000] Faking a node at [mem 0x0000000000000000-0x000000003ffeffff]
[    0.000000] NODE_DATA(0) allocated [mem 0x3ffc5000-0x3ffeffff]
[    0.000000] kvm-clock: cpu 0, msr 0:3ff44001, primary cpu clock
[    0.000000] kvm-clock: Using msrs 4b564d01 and 4b564d00
[    0.000000] kvm-clock: using sched offset of 5315018600 cycles
[    0.000000] clocksource: kvm-clock: mask: 0xffffffffffffffff max_cycles: 0x1cd42e4dffb, max_idle_ns: 881590591483 ns
[    0.000000] Zone ranges:
[    0.000000]   DMA      [mem 0x0000000000001000-0x0000000000ffffff]
[    0.000000]   DMA32    [mem 0x0000000001000000-0x000000003ffeffff]
[    0.000000]   Normal   empty
[    0.000000]   Device   empty
[    0.000000] Movable zone start for each node
[    0.000000] Early memory node ranges
[    0.000000]   node   0: [mem 0x0000000000001000-0x000000000009efff]
[    0.000000]   node   0: [mem 0x0000000000100000-0x000000003ffeffff]
[    0.000000] Reserved but unavailable: 104 pages
[    0.000000] Initmem setup node 0 [mem 0x0000000000001000-0x000000003ffeffff]
[    0.000000] ACPI: PM-Timer IO Port: 0x4008
[    0.000000] IOAPIC[0]: apic_id 2, version 32, address 0xfec00000, GSI 0-23
[    0.000000] ACPI: INT_SRC_OVR (bus 0 bus_irq 0 global_irq 2 dfl dfl)
[    0.000000] ACPI: INT_SRC_OVR (bus 0 bus_irq 9 global_irq 9 low level)
[    0.000000] Using ACPI (MADT) for SMP configuration information
[    0.000000] smpboot: Allowing 2 CPUs, 0 hotplug CPUs
[    0.000000] PM: Registered nosave memory: [mem 0x00000000-0x00000fff]
[    0.000000] PM: Registered nosave memory: [mem 0x0009f000-0x0009ffff]
[    0.000000] PM: Registered nosave memory: [mem 0x000a0000-0x000effff]
[    0.000000] PM: Registered nosave memory: [mem 0x000f0000-0x000fffff]
[    0.000000] e820: [mem 0x40000000-0xfebfffff] available for PCI devices
[    0.000000] Booting paravirtualized kernel on KVM
[    0.000000] clocksource: refined-jiffies: mask: 0xffffffff max_cycles: 0xffffffff, max_idle_ns: 7645519600211568 ns
[    0.000000] setup_percpu: NR_CPUS:8192 nr_cpumask_bits:2 nr_cpu_ids:2 nr_node_ids:1
[    0.000000] percpu: Embedded 50 pages/cpu s167936 r8192 d28672 u1048576
[    0.000000] PV qspinlock hash table entries: 256 (order: 0, 4096 bytes)
[    0.000000] Built 1 zonelists, mobility grouping on.  Total pages: 257913
[    0.000000] Policy zone: DMA32
[    0.000000] Kernel command line: BOOT_IMAGE=/boot/vmlinuz-4.15.0-210-generic root=LABEL=cloudimg-rootfs ro console=tty1 console=ttyS0
[    0.000000] Memory: 981752K/1048120K available (12300K kernel code, 2477K rwdata, 4324K rodata, 2480K init, 2720K bss, 66368K reserved, 0K cma-reserved)
[    0.000000] SLUB: HWalign=64, Order=0-3, MinObjects=0, CPUs=2, Nodes=1
[    0.000000] ftrace: allocating 39506 entries in 155 pages
[    0.004000] Hierarchical RCU implementation.
[    0.004000] 	RCU restricting CPUs from NR_CPUS=8192 to nr_cpu_ids=2.
[    0.004000] 	Tasks RCU enabled.
[    0.004000] RCU: Adjusting geometry for rcu_fanout_leaf=16, nr_cpu_ids=2
[    0.004000] NR_IRQS: 524544, nr_irqs: 440, preallocated irqs: 16
[    0.004000] Console: colour VGA+ 80x25
[    0.004000] console [tty1] enabled
[    0.004000] console [ttyS0] enabled
[    0.004000] ACPI: Core revision 20170831
[    0.004000] ACPI: 2 ACPI AML tables successfully acquired and loaded
[    0.004000] APIC: Switch to symmetric I/O mode setup
[    0.004000] ..TIMER: vector=0x30 apic1=0 pin1=2 apic2=-1 pin2=-1
[    0.004011] tsc: Detected 2918.398 MHz processor
[    0.008022] Calibrating delay loop (skipped) preset value.. 5836.79 BogoMIPS (lpj=11673592)
[    0.012010] pid_max: default: 32768 minimum: 301
[    0.016217] Security Framework initialized
[    0.024008] Yama: becoming mindful.
[    0.028193] AppArmor: AppArmor initialized
[    0.038547] Dentry cache hash table entries: 131072 (order: 8, 1048576 bytes)
[    0.045700] Inode-cache hash table entries: 65536 (order: 7, 524288 bytes)
[    0.048092] Mount-cache hash table entries: 2048 (order: 2, 16384 bytes)
[    0.052160] Mountpoint-cache hash table entries: 2048 (order: 2, 16384 bytes)
[    0.061394] Last level iTLB entries: 4KB 0, 2MB 0, 4MB 0
[    0.064008] Last level dTLB entries: 4KB 0, 2MB 0, 4MB 0, 1GB 0
[    0.068007] Spectre V1 : Mitigation: usercopy/swapgs barriers and __user pointer sanitization
[    0.072014] Spectre V2 : Mitigation: Enhanced IBRS
[    0.076009] Spectre V2 : Spectre v2 / SpectreRSB mitigation: Filling RSB on context switch
[    0.080008] Spectre V2 : Spectre v2 / PBRSB-eIBRS: Retire a single CALL on VMEXIT
[    0.084009] RETBleed: Mitigation: Enhanced IBRS
[    0.088007] Speculative Store Bypass: Vulnerable
[    0.092352] Freeing SMP alternatives memory: 36K
[    0.215297] smpboot: CPU0: 11th Gen Intel(R) Core(TM) i7-1195G7 @ 2.90GHz (family: 0x6, model: 0x8c, stepping: 0x2)
[    0.216939] Performance Events: unsupported p6 CPU model 140 no PMU driver, software events only.
[    0.220221] Hierarchical SRCU implementation.
[    0.228195] NMI watchdog: Perf event create on CPU 0 failed with -2
[    0.232104] NMI watchdog: Perf NMI watchdog permanently disabled
[    0.236703] smp: Bringing up secondary CPUs ...
[    0.244970] x86: Booting SMP configuration:
[    0.248008] .... node  #0, CPUs:      #1
[    0.004000] kvm-clock: cpu 1, msr 0:3ff44041, secondary cpu clock
[    0.275877] TSC synchronization [CPU#0 -> CPU#1]:
[    0.276000] Measured 47331 cycles TSC warp between CPUs, turning off TSC clock.
[    0.276000] tsc: Marking TSC unstable due to check_tsc_sync_source failed
[    0.280551] smp: Brought up 1 node, 2 CPUs
[    0.284013] smpboot: Max logical packages: 1
[    0.288005] smpboot: Total of 2 processors activated (11673.59 BogoMIPS)
[    0.296149] devtmpfs: initialized
[    0.300203] x86/mm: Memory block size: 128MB
[    0.305034] evm: security.selinux
[    0.308004] evm: security.SMACK64
[    0.312011] evm: security.SMACK64EXEC
[    0.316008] evm: security.SMACK64TRANSMUTE
[    0.320006] evm: security.SMACK64MMAP
[    0.324006] evm: security.apparmor
[    0.328006] evm: security.ima
[    0.332006] evm: security.capability
[    0.340080] clocksource: jiffies: mask: 0xffffffff max_cycles: 0xffffffff, max_idle_ns: 7645041785100000 ns
[    0.344150] futex hash table entries: 512 (order: 3, 32768 bytes)
[    0.352119] pinctrl core: initialized pinctrl subsystem
[    0.360438] RTC time: 19:59:51, date: 05/03/23
[    0.369652] NET: Registered protocol family 16
[    0.372244] audit: initializing netlink subsys (disabled)
[    0.376431] audit: type=2000 audit(1683143996.612:1): state=initialized audit_enabled=0 res=1
[    0.396008] cpuidle: using governor ladder
[    0.400018] cpuidle: using governor menu
[    0.404163] ACPI: bus type PCI registered
[    0.408008] acpiphp: ACPI Hot Plug PCI Controller Driver version: 0.5
[    0.413136] PCI: Using configuration type 1 for base access
[    0.428281] HugeTLB registered 2.00 MiB page size, pre-allocated 0 pages
[    0.440495] ACPI: Added _OSI(Module Device)
[    0.444013] ACPI: Added _OSI(Processor Device)
[    0.448010] ACPI: Added _OSI(3.0 _SCP Extensions)
[    0.452008] ACPI: Added _OSI(Processor Aggregator Device)
[    0.456012] ACPI: Added _OSI(Linux-Dell-Video)
[    0.460076] ACPI: Added _OSI(Linux-Lenovo-NV-HDMI-Audio)
[    0.464012] ACPI: Added _OSI(Linux-HPI-Hybrid-Graphics)
[    0.470060] ACPI: Executed 1 blocks of module-level executable AML code
[    0.480703] ACPI: Interpreter enabled
[    0.484033] ACPI: (supports S0 S5)
[    0.488008] ACPI: Using IOAPIC for interrupt routing
[    0.492931] PCI: Using host bridge windows from ACPI; if necessary, use "pci=nocrs" and report a bug
[    0.496613] ACPI: Enabled 2 GPEs in block 00 to 07
[    0.530511] ACPI: PCI Root Bridge [PCI0] (domain 0000 [bus 00-ff])
[    0.532018] acpi PNP0A03:00: _OSC: OS supports [ASPM ClockPM Segments MSI]
[    0.537521] acpi PNP0A03:00: _OSC: not requesting OS control; OS requires [ExtendedConfig ASPM ClockPM MSI]
[    0.540029] acpi PNP0A03:00: fail to add MMCONFIG information, can't access extended PCI configuration space under this bridge.
[    0.545538] PCI host bridge to bus 0000:00
[    0.548010] pci_bus 0000:00: root bus resource [io  0x0000-0x0cf7 window]
[    0.552010] pci_bus 0000:00: root bus resource [io  0x0d00-0xffff window]
[    0.560011] pci_bus 0000:00: root bus resource [mem 0x000a0000-0x000bffff window]
[    0.564012] pci_bus 0000:00: root bus resource [mem 0x40000000-0xfdffffff window]
[    0.568011] pci_bus 0000:00: root bus resource [bus 00-ff]
[    0.581842] pci 0000:00:01.1: legacy IDE quirk: reg 0x10: [io  0x01f0-0x01f7]
[    0.584018] pci 0000:00:01.1: legacy IDE quirk: reg 0x14: [io  0x03f6]
[    0.588016] pci 0000:00:01.1: legacy IDE quirk: reg 0x18: [io  0x0170-0x0177]
[    0.592006] pci 0000:00:01.1: legacy IDE quirk: reg 0x1c: [io  0x0376]
[    0.653799] pci 0000:00:07.0: quirk: [io  0x4000-0x403f] claimed by PIIX4 ACPI
[    0.656032] pci 0000:00:07.0: quirk: [io  0x4100-0x410f] claimed by PIIX4 SMB
[    0.674509] ACPI: PCI Interrupt Link [LNKA] (IRQs 5 9 10 *11)
[    0.676612] ACPI: PCI Interrupt Link [LNKB] (IRQs 5 9 *10 11)
[    0.680469] ACPI: PCI Interrupt Link [LNKC] (IRQs 5 *9 10 11)
[    0.684440] ACPI: PCI Interrupt Link [LNKD] (IRQs 5 9 10 *11)
[    0.693253] SCSI subsystem initialized
[    0.696408] pci 0000:00:02.0: vgaarb: setting as boot VGA device
[    0.700000] pci 0000:00:02.0: vgaarb: VGA device added: decodes=io+mem,owns=io+mem,locks=none
[    0.700022] pci 0000:00:02.0: vgaarb: bridge control possible
[    0.704022] vgaarb: loaded
[    0.708236] ACPI: bus type USB registered
[    0.712140] usbcore: registered new interface driver usbfs
[    0.716050] usbcore: registered new interface driver hub
[    0.720035] usbcore: registered new device driver usb
[    0.728471] EDAC MC: Ver: 3.0.0
[    0.737013] PCI: Using ACPI for IRQ routing
[    0.744364] NetLabel: Initializing
[    0.748007] NetLabel:  domain hash size = 128
[    0.756009] NetLabel:  protocols = UNLABELED CIPSOv4 CALIPSO
[    0.760054] NetLabel:  unlabeled traffic allowed by default
[    0.768758] clocksource: Switched to clocksource kvm-clock
[    0.807977] VFS: Disk quotas dquot_6.6.0
[    0.807977] VFS: Dquot-cache hash table entries: 512 (order 0, 4096 bytes)
[    0.807977] AppArmor: AppArmor Filesystem Enabled
[    0.807977] pnp: PnP ACPI init
[    0.807977] pnp: PnP ACPI: found 3 devices
[    0.999047] clocksource: acpi_pm: mask: 0xffffff max_cycles: 0xffffff, max_idle_ns: 2085701024 ns
[    1.000367] NET: Registered protocol family 2
[    1.000367] IP idents hash table entries: 16384 (order: 5, 131072 bytes)
[    1.048707] TCP established hash table entries: 8192 (order: 4, 65536 bytes)
[    1.065153] TCP bind hash table entries: 8192 (order: 5, 131072 bytes)
[    1.079498] TCP: Hash tables configured (established 8192 bind 8192)
[    1.095802] UDP hash table entries: 512 (order: 2, 16384 bytes)
[    1.108178] UDP-Lite hash table entries: 512 (order: 2, 16384 bytes)
[    1.120916] NET: Registered protocol family 1
[    1.131237] pci 0000:00:00.0: Limiting direct PCI/PCI transfers
[    1.144943] pci 0000:00:01.0: Activating ISA DMA hang workarounds
[    1.158090] pci 0000:00:02.0: Video device with shadowed ROM at [mem 0x000c0000-0x000dffff]
[    1.175150] Unpacking initramfs...
[    1.808437] Freeing initrd memory: 20420K
[    2.281812] clocksource: tsc: mask: 0xffffffffffffffff max_cycles: 0x2a1126e309d, max_idle_ns: 440795258009 ns
[    2.303952] platform rtc_cmos: registered platform RTC device (no PNP device found)
[    2.323550] Scanning for low memory corruption every 60 seconds
[    2.339515] Initialise system trusted keyrings
[    2.353252] Key type blacklist registered
[    2.366086] workingset: timestamp_bits=36 max_order=18 bucket_order=0
[    2.388372] zbud: loaded
[    2.403662] squashfs: version 4.0 (2009/01/31) Phillip Lougher
[    2.422718] fuse init (API version 7.26)
[    2.477644] Key type asymmetric registered
[    2.484837] Asymmetric key parser 'x509' registered
[    2.495581] Block layer SCSI generic (bsg) driver version 0.4 loaded (major 246)
[    2.510485] io scheduler noop registered
[    2.521181] io scheduler deadline registered
[    2.530174] io scheduler cfq registered (default)
[    2.541251] ACPI: AC Adapter [AC] (off-line)
[    2.553086] input: Power Button as /devices/LNXSYSTM:00/LNXPWRBN:00/input/input0
[    2.571406] ACPI: Power Button [PWRF]
[    2.579937] input: Sleep Button as /devices/LNXSYSTM:00/LNXSLPBN:00/input/input1
[    2.599029] ACPI: Sleep Button [SLPF]
[    2.608034] Serial: 8250/16550 driver, 32 ports, IRQ sharing enabled
[    2.611175] ACPI: Battery Slot [BAT0] (battery present)
[    2.682558] 00:02: ttyS0 at I/O 0x3f8 (irq = 4, base_baud = 115200) is a 16550A
[    2.704509] Linux agpgart interface v0.103
[    2.723011] loop: module loaded
[    2.737492] scsi host0: ata_piix
[    2.750348] scsi host1: ata_piix
[    2.756225] ata1: PATA max UDMA/33 cmd 0x1f0 ctl 0x3f6 bmdma 0xd000 irq 14
[    2.769954] ata2: PATA max UDMA/33 cmd 0x170 ctl 0x376 bmdma 0xd008 irq 15
[    2.785610] tun: Universal TUN/TAP device driver, 1.6
[    2.801675] PPP generic driver version 2.4.2
[    2.813339] ehci_hcd: USB 2.0 'Enhanced' Host Controller (EHCI) Driver
[    2.829333] ehci-pci: EHCI PCI platform driver
[    2.841589] ehci-platform: EHCI generic platform driver
[    2.854508] ohci_hcd: USB 1.1 'Open' Host Controller (OHCI) Driver
[    2.868261] ohci-pci: OHCI PCI platform driver
[    2.880811] ohci-platform: OHCI generic platform driver
[    2.893614] uhci_hcd: USB Universal Host Controller Interface driver
[    2.908877] i8042: PNP: PS/2 Controller [PNP0303:PS2K,PNP0f03:PS2M] at 0x60,0x64 irq 1,12
[    2.930888] serio: i8042 KBD port at 0x60,0x64 irq 1
[    2.942323] serio: i8042 AUX port at 0x60,0x64 irq 12
[    2.956676] mousedev: PS/2 mouse device common for all mice
[    2.976090] input: AT Translated Set 2 keyboard as /devices/platform/i8042/serio0/input/input2
[    3.001479] rtc_cmos rtc_cmos: rtc core: registered rtc_cmos as rtc0
[    3.019907] rtc_cmos rtc_cmos: alarms up to one day, 114 bytes nvram
[    3.035017] i2c /dev entries driver
[    3.044397] device-mapper: uevent: version 1.0.3
[    3.054224] device-mapper: ioctl: 4.37.0-ioctl (2017-09-20) initialised: dm-devel@redhat.com
[    3.072876] ledtrig-cpu: registered to indicate activity on CPUs
[    3.090752] NET: Registered protocol family 10
[    3.121848] Segment Routing with IPv6
[    3.131632] NET: Registered protocol family 17
[    3.144900] Key type dns_resolver registered
[    3.157723] mce: Using 0 MCE banks
[    3.167551] RAS: Correctable Errors collector initialized.
[    3.181597] sched_clock: Marking stable (3181482890, 0)->(5113001830, -1931518940)
[    3.204389] registered taskstats version 1
[    3.214636] Loading compiled-in X.509 certificates
[    3.235584] Loaded X.509 cert 'Build time autogenerated kernel key: 53bf99db7da04c05fe17f7beec9ce15c83db2223'
[    3.258857] Loaded X.509 cert 'Canonical Ltd. Live Patch Signing: 14df34d1a87cf37625abec039ef2bf521249b969'
[    3.280357] Loaded X.509 cert 'Canonical Ltd. Kernel Module Signing: 88f752e560a1e0737e31163a466ad7b70a850c19'
[    3.299429] blacklist: Loading compiled-in revocation X.509 certificates
[    3.314228] Loaded X.509 cert 'Canonical Ltd. Secure Boot Signing: 61482aa2830d0ab2ad5af10b7250da9033ddcef0'
[    3.335381] Loaded X.509 cert 'Canonical Ltd. Secure Boot Signing (2017): 242ade75ac4a15e50d50c84b0d45ff3eae707a03'
[    3.357104] Loaded X.509 cert 'Canonical Ltd. Secure Boot Signing (ESM 2018): 365188c1d374d6b07c3c8f240f8ef722433d6a8b'
[    3.378298] Loaded X.509 cert 'Canonical Ltd. Secure Boot Signing (2019): c0746fd6c5da3ae827864651ad66ae47fe24b3e8'
[    3.400525] Loaded X.509 cert 'Canonical Ltd. Secure Boot Signing (2021 v1): a8d54bbb3825cfb94fa13c9f8a594a195c107b8d'
[    3.419397] Loaded X.509 cert 'Canonical Ltd. Secure Boot Signing (2021 v2): 4cf046892d6fd3c9a5b03f98d845f90851dc6a8c'
[    3.439882] Loaded X.509 cert 'Canonical Ltd. Secure Boot Signing (2021 v3): 100437bb6de6e469b581e61cd66bce3ef4ed53af'
[    3.461703] Loaded X.509 cert 'Canonical Ltd. Secure Boot Signing (Ubuntu Core 2019): c1d57b8f6b743f23ee41f4f7ee292f06eecadfb9'
[    3.484657] zswap: loaded using pool lzo/zbud
[    3.518753] Key type big_key registered
[    3.528291] Key type trusted registered
[    3.545932] Key type encrypted registered
[    3.554872] AppArmor: AppArmor sha1 policy hashing enabled
[    3.567415] ima: No TPM chip found, activating TPM-bypass! (rc=-19)
[    3.581874] ima: Allocated hash algorithm: sha1
[    3.593950] evm: HMAC attrs: 0x1
[    3.603298]   Magic number: 7:676:1000
[    3.609577] misc memory_bandwidth: hash matches
[    3.618148] serial 00:02: hash matches
[    3.627775] rtc_cmos rtc_cmos: setting system clock to 2023-05-03 19:59:54 UTC (1683143994)
[    3.646304] BIOS EDD facility v0.16 2004-Jun-25, 0 devices found
[    3.657597] EDD information not available.
[    3.671661] Freeing unused kernel image memory: 2480K
[    3.709491] Write protecting the kernel read-only data: 20480k
[    3.722182] Freeing unused kernel image memory: 2008K
[    3.731528] Freeing unused kernel image memory: 1820K
[    3.751993] x86/mm: Checked W+X mappings: passed, no W+X pages found.
Loading, please wait...
starting version 237
[    3.927104] e1000: Intel(R) PRO/1000 Network Driver - version 7.3.21-k8-NAPI
[    3.944256] e1000: Copyright (c) 1999-2006 Intel Corporation.
[    3.982981] Fusion MPT base driver 3.04.20
[    3.995842] Copyright (c) 1999-2008 LSI Corporation
[    4.021679] vboxvideo: loading out-of-tree module taints kernel.
[    4.041433] vboxvideo: module verification failed: signature and/or required key missing - tainting kernel
[    4.098134] Fusion MPT SPI Host driver 3.04.20
[    4.135124] vboxvideo: loading version 6.1.38 r153438
[    4.551489] input: ImExPS/2 Generic Explorer Mouse as /devices/platform/i8042/serio1/input/input4
[    5.653231] e1000 0000:00:03.0 eth0: (PCI:33MHz:32-bit) 02:3e:6f:b6:28:d7
[    5.668537] e1000 0000:00:03.0 eth0: Intel(R) PRO/1000 Network Connection
[    5.689009] mptbase: ioc0: Initiating bringup
[    6.531607] ioc0: LSI53C1030 A0: Capabilities={Initiator}
[    7.836718] scsi host2: ioc0: LSI53C1030 A0, FwRev=00000000h, Ports=1, MaxQ=256, IRQ=20
[    8.439401] scsi 2:0:0:0: Direct-Access     VBOX     HARDDISK         1.0  PQ: 0 ANSI: 5
[    8.444641] [drm] VRAM 01000000
[    8.466317] [TTM] Zone  kernel: Available graphics memory: 504258 kiB
[    8.481221] [TTM] Initializing pool allocator
[    8.491898] [TTM] Initializing DMA pool allocator
[    8.523088] scsi target2:0:0: Beginning Domain Validation
[    8.543823] fbcon: vboxdrmfb (fb0) is primary device
[    8.556598] scsi target2:0:0: Domain Validation skipping write tests
[    8.556600] scsi target2:0:0: Ending Domain Validation
[    8.557284] scsi target2:0:0: asynchronous
[    8.561177] scsi 2:0:1:0: Direct-Access     VBOX     HARDDISK         1.0  PQ: 0 ANSI: 5
[    8.585334] Console: switching to colour frame buffer device 100x37
[    8.670378] vboxvideo 0000:00:02.0: fb0: vboxdrmfb frame buffer device
[    8.672233] scsi target2:0:1: Beginning Domain Validation
[    8.696565] [drm] Initialized vboxvideo 1.0.0 20130823 for 0000:00:02.0 on minor 0
[    8.698657] scsi target2:0:1: Domain Validation skipping write tests
[    8.713248] scsi target2:0:1: Ending Domain Validation
[    8.719293] scsi target2:0:1: asynchronous
[    8.747490] sd 2:0:0:0: Attached scsi generic sg0 type 0
[    8.749640] sd 2:0:0:0: [sda] 83886080 512-byte logical blocks: (42.9 GB/40.0 GiB)
[    8.779449] sd 2:0:1:0: Attached scsi generic sg1 type 0
[    8.786499] sd 2:0:1:0: [sdb] 20480 512-byte logical blocks: (10.5 MB/10.0 MiB)
[    8.826124] sd 2:0:0:0: [sda] Write Protect is off
[    8.842395] sd 2:0:1:0: [sdb] Write Protect is off
[    8.859649] sd 2:0:0:0: [sda] Incomplete mode parameter data
[    8.877859] sd 2:0:0:0: [sda] Assuming drive cache: write through
[    8.897043] sd 2:0:1:0: [sdb] Incomplete mode parameter data
[    8.920682] sd 2:0:1:0: [sdb] Assuming drive cache: write through
[    8.965349]  sda: sda1
[    9.009931] sd 2:0:0:0: [sda] Attached SCSI disk
[    9.043082] sd 2:0:1:0: [sdb] Attached SCSI disk
[   10.046652] e1000 0000:00:08.0 eth1: (PCI:33MHz:32-bit) 08:00:27:d2:1a:c6
[   10.069784] e1000 0000:00:08.0 eth1: Intel(R) PRO/1000 Network Connection
[   10.101025] e1000 0000:00:08.0 enp0s8: renamed from eth1
[   10.142478] e1000 0000:00:03.0 enp0s3: renamed from eth0
Begin: Loading essential drivers ... [   10.806078] raid6: sse2x1   gen() 35982 MB/s
[   11.807199] raid6: sse2x1   xor() 84362 MB/s
[   13.803442] raid6: sse2x2   gen() 174209 MB/s
[   15.805242] raid6: sse2x2   xor() 120243 MB/s
[   15.877706] raid6: sse2x4   gen()  7665 MB/s
[   15.952757] raid6: sse2x4   xor()  5280 MB/s
[   15.966444] raid6: using algorithm sse2x2 gen() 174209 MB/s
[   15.980658] raid6: .... xor() 120243 MB/s, rmw enabled
[   15.995589] raid6: using ssse3x2 recovery algorithm
[   16.018310] xor: measuring software checksum speed
[   16.077016]    prefetch64-sse: 11214.000 MB/sec
[   16.141438]    generic_sse: 11718.000 MB/sec
[   16.160914] xor: using function: generic_sse (11718.000 MB/sec)
[   16.190100] async_tx: api initialized (async)
done.
Begin: Running /scripts/init-premount ... done.
Begin: Mounting root file system ... Begin: Running /scripts/local-top ... done.
Begin: Running /scripts/local-premount ... [   16.371099] Btrfs loaded, crc32c=crc32c-intel
Scanning for Btrfs filesystems
done.
Begin: Will now check root file system ... fsck from util-linux 2.31.1
[/sbin/fsck.ext4 (1) -- /dev/sda1] fsck.ext4 -a -C0 /dev/sda1 
cloudimg-rootfs: clean, 75141/5120000 files, 746925/10485499 blocks
done.
[   16.553818] EXT4-fs (sda1): mounted filesystem with ordered data mode. Opts: (null)
done.
Begin: Running /scripts/local-bottom ... done.
Begin: Running /scripts/init-bottom ... done.
[   17.019204] ip_tables: (C) 2000-2006 Netfilter Core Team
[   17.066567] systemd[1]: systemd 237 running in system mode. (+PAM +AUDIT +SELINUX +IMA +APPARMOR +SMACK +SYSVINIT +UTMP +LIBCRYPTSETUP +GCRYPT +GNUTLS +ACL +XZ +LZ4 +SECCOMP +BLKID +ELFUTILS +KMOD -IDN2 +IDN -PCRE2 default-hierarchy=hybrid)
[   17.135977] systemd[1]: Detected virtualization oracle.
[   17.159343] systemd[1]: Detected architecture x86-64.

Welcome to [1mUbuntu 18.04.6 LTS[0m!

[   17.259836] systemd[1]: Set hostname to <web01>.
[   18.019155] random: systemd: uninitialized urandom read (16 bytes read)
[   18.062149] systemd[1]: Created slice System Slice.
[[0;32m  OK  [0m] Created slice System Slice.
[   18.086287] random: systemd: uninitialized urandom read (16 bytes read)
[   18.107661] systemd[1]: Listening on Journal Socket.
[[0;32m  OK  [0m] Listening on Journal Socket.
[   18.130206] random: systemd: uninitialized urandom read (16 bytes read)
[   18.152708] systemd[1]: Reached target Mounting snaps.
[[0;32m  OK  [0m] Reached target Mounting snaps.
[   18.177833] systemd[1]: Mounting POSIX Message Queue File System...
         Mounting POSIX Message Queue File System...
[   18.200611] systemd[1]: Reached target Mounted snaps.
[[0;32m  OK  [0m] Reached target Mounted snaps.
[   18.223686] systemd[1]: Listening on udev Control Socket.
[[0;32m  OK  [0m] Listening on udev Control Socket.
[[0;32m  OK  [0m] Reached target User and Group Name Lookups.
[[0;32m  OK  [0m] Started Forward Password Requests to Wall Directory Watch.
         Starting Uncomplicated firewall...
         Starting Load Kernel Modules...
[[0;32m  OK  [0m] Listening on Journal Socket (/dev/log).
[[0;32m  OK  [0m] Listening on Device-mapper event daemon FIFOs.
[[0;32m  OK  [0m] Listening on LVM2 poll daemon socket.[   18.309951] Loading iSCSI transport class v2.0-870.

[[0;32m  OK  [0m] Reached target Swap.
         Starting Set the console keyboard layout...
[   18.357790] iscsi: registered transport (tcp)
[[0;32m  OK  [0m] Listening on Journal Audit Socket.
         Mounting Huge Pages File System...
[[0;32m  OK  [0m] Listening on udev Kernel Socket.
         Starting udev Coldplug all Devices...
[[0;32m  OK  [0m] Created slice User and Session Slice.
[[0;32m  OK  [0m] Reached target Slices.
[[0;32m  OK  [0m] Reached target System Time Synchronized.
[[0;32m  OK  [0m] Listening on LVM2 metadata daemon socket.
         Starting Monitoring of LVM2 mirrors…ng dmeventd or progress polling...
[[0;32m  OK  [0m] Set up automount Arbitrary Executab…rmats File System Automount Point.
[[0;32m  OK  [0m] Listening on fsck to fsckd communication Socket.
[[0;32m  OK  [0m] Listening on /dev/initctl Compatibility Named Pipe.
[[0;32m  OK  [0m] Listening on Network Service Netlink Socket.
         Starting Create list of required st…ce nodes for the current kernel...
         Starting Remount Root and Kernel File Systems...
         Mounting Kernel Debug File System...
[   18.595376] iscsi: registered transport (iser)
[[0;32m  OK  [0m] Created slice system-serial\x2dgetty.slice.[   18.629688] EXT4-fs (sda1): re-mounted. Opts: (null)

[[0;32m  OK  [0m] Listening on Syslog Socket.
         Starting Journal Service...
[[0;32m  OK  [0m] Mounted POSIX Message Queue File System.
[[0;32m  OK  [0m] Started Uncomplicated firewall.
[[0;32m  OK  [0m] Started Load Kernel Modules.
[[0;32m  OK  [0m] Mounted Huge Pages File System.
[[0;32m  OK  [0m] Started Create list of required sta…vice nodes for the current kernel.
[[0;32m  OK  [0m] Started Set the console keyboard layout.
[[0;32m  OK  [0m] Started Remount Root and Kernel File Systems.
[[0;32m  OK  [0m] Mounted Kernel Debug File System.
[[0;32m  OK  [0m] Started LVM2 metadata daemon.
         Starting Load/Save Random Seed...
         Starting Create Static Device Nodes in /dev...
         Starting Apply Kernel Variables...
         Mounting FUSE Control File System...
         Mounting Kernel Configuration File System...
[[0;32m  OK  [0m] Started Journal Service.
[[0;32m  OK  [0m] Mounted FUSE Control File System.
[[0;32m  OK  [0m] Mounted Kernel Configuration File System.
[[0;32m  OK  [0m] Started Create Static Device Nodes in /dev.
[[0;32m  OK  [0m] Started Monitoring of LVM2 mirrors,…sing dmeventd or progress polling.
[[0;32m  OK  [0m] Started udev Coldplug all Devices.
[[0;32m  OK  [0m] Started Load/Save Random Seed.
[[0;32m  OK  [0m] Reached target Local File Systems (Pre).
[[0;32m  OK  [0m] Reached target Local File Systems.
         Starting Tell Plymouth To Write Out Runtime Data...
         Starting AppArmor initialization...
         Starting ebtables ruleset management...
         Starting Set console font and keymap...
         Starting udev Kernel Device Manager...
         Starting Flush Journal to Persistent Storage...
[[0;32m  OK  [0m] Started Apply Kernel Variables.
[[0;32m  OK  [0m] Started Tell Plymouth To Write Out Runtime Data.
[[0;32m  OK  [0m] Started Set console font and keymap.
[[0;32m  OK  [0m] Started udev Kernel Device Manager.
[[0;32m  OK  [0m] Started Dispatch Password Requests to Console Directory Watch.
[[0;32m  OK  [0m] Reached target Local Encrypted Volumes.
[[0;32m  OK  [0m] Started ebtables ruleset management.
[[0;32m  OK  [0m] Started Flush Journal to Persistent Storage.
         Starting Create Volatile Files and Directories...
[[0;32m  OK  [0m] Started Create Volatile Files and Directories.
         Starting Update UTMP about System Boot/Shutdown...
[[0;32m  OK  [0m] Started Update UTMP about System Boot/Shutdown.
[[0;32m  OK  [0m] Found device /dev/ttyS0.
[[0;32m  OK  [0m] Listening on Load/Save RF Kill Switch Status /dev/rfkill Watch.
[[0;32m  OK  [0m] Started AppArmor initialization.
         Starting Load AppArmor profiles managed internally by snapd...
         Starting Initial cloud-init job (pre-networking)...
         Mounting Arbitrary Executable File Formats File System...
[[0;32m  OK  [0m] Mounted Arbitrary Executable File Formats File System.
[[0;32m  OK  [0m] Started Load AppArmor profiles managed internally by snapd.
[   23.197052] cloud-init[560]: Cloud-init v. 23.1.2-0ubuntu0~18.04.1 running 'init-local' at Wed, 03 May 2023 20:00:13 +0000. Up 22.80 seconds.
[[0;32m  OK  [0m] Started Initial cloud-init job (pre-networking).
[[0;32m  OK  [0m] Reached target Network (Pre).
         Starting Network Service...
         Starting Netscript network interfaces and iptables...
[[0;32m  OK  [0m] Started Netscript ifup for enp0s8.
[[0;32m  OK  [0m] Started Netscript ifup for enp0s3.
[[0;32m  OK  [0m] Started Network Service.
         Starting Wait for Network to be Configured...
         Starting Network Name Resolution...
[[0;32m  OK  [0m] Started Network Name Resolution.
[[0;32m  OK  [0m] Reached target Host and Network Name Lookups.
[[0;32m  OK  [0m] Started Wait for Network to be Configured.
         Starting Initial cloud-init job (metadata service crawler)...
[   27.268857] cloud-init[885]: Cloud-init v. 23.1.2-0ubuntu0~18.04.1 running 'init' at Wed, 03 May 2023 20:00:17 +0000. Up 26.94 seconds.
[   27.278387] cloud-init[885]: ci-info: ++++++++++++++++++++++++++++++++++++++Net device info+++++++++++++++++++++++++++++++++++++++
[   27.287691] cloud-init[885]: ci-info: +--------+------+-----------------------------+---------------+--------+-------------------+
[   27.297021] cloud-init[885]: ci-info: | Device |  Up  |           Address           |      Mask     | Scope  |     Hw-Address    |
[   27.305563] cloud-init[885]: ci-info: +--------+------+-----------------------------+---------------+--------+-------------------+
[   27.315369] cloud-init[885]: ci-info: | enp0s3 | True |          10.0.2.15          | 255.255.255.0 | global | 02:3e:6f:b6:28:d7 |
[   27.324132] cloud-init[885]: ci-info: | enp0s3 | True |  fe80::3e:6fff:feb6:28d7/64 |       .       |  link  | 02:3e:6f:b6:28:d7 |
[   27.333028] cloud-init[885]: ci-info: | enp0s8 | True |        192.168.17.121       | 255.255.255.0 | global | 08:00:27:d2:1a:c6 |
[   27.342315] cloud-init[885]: ci-info: | enp0s8 | True | fe80::a00:27ff:fed2:1ac6/64 |       .       |  link  | 08:00:27:d2:1a:c6 |
[   27.354760] cloud-init[885]: ci-info: |   lo   | True |          127.0.0.1          |   255.0.0.0   |  host  |         .         |
[   27.368218] cloud-init[885]: ci-info: |   lo   | True |           ::1/128           |       .       |  host  |         .         |
[   27.385284] cloud-init[885]: ci-info: +--------+------+-----------------------------+---------------+--------+-------------------+
[   27.401008] cloud-init[885]: ci-info: +++++++++++++++++++++++++++++Route IPv4 info+++++++++++++++++++++++++++++
[   27.414351] cloud-init[885]: ci-info: +-------+--------------+----------+-----------------+-----------+-------+
[   27.424935] cloud-init[885]: ci-info: | Route | Destination  | Gateway  |     Genmask     | Interface | Flags |
[   27.436792] cloud-init[885]: ci-info: +-------+--------------+----------+-----------------+-----------+-------+
[   27.451175] cloud-init[885]: ci-info: |   0   |   0.0.0.0    | 10.0.2.2 |     0.0.0.0     |   enp0s3  |   UG  |
[   27.465655] cloud-init[885]: ci-info: |   1   |   10.0.2.0   | 0.0.0.0  |  255.255.255.0  |   enp0s3  |   U   |
[   27.479515] cloud-init[885]: ci-info: |   2   |   10.0.2.2   | 0.0.0.0  | 255.255.255.255 |   enp0s3  |   UH  |
[   27.493032] cloud-init[885]: ci-info: |   3   | 192.168.17.0 | 0.0.0.0  |  255.255.255.0  |   enp0s8  |   U   |
[   27.506205] cloud-init[885]: ci-info: +-------+--------------+----------+-----------------+-----------+-------+
[   27.521103] cloud-init[885]: ci-info: +++++++++++++++++++Route IPv6 info+++++++++++++++++++
[   27.533450] cloud-init[885]: ci-info: +-------+-------------+---------+-----------+-------+
[   27.545109] cloud-init[885]: ci-info: | Route | Destination | Gateway | Interface | Flags |
[   27.555818] cloud-init[885]: ci-info: +-------+-------------+---------+-----------+-------+
[   27.566585] cloud-init[885]: ci-info: |   1   |  fe80::/64  |    ::   |   enp0s8  |   U   |
[   27.574982] cloud-init[885]: ci-info: |   2   |  fe80::/64  |    ::   |   enp0s3  |   U   |
[   27.585210] cloud-init[885]: ci-info: |   4   |    local    |    ::   |   enp0s3  |   U   |
[   27.597992] cloud-init[885]: ci-info: |   5   |    local    |    ::   |   enp0s8  |   U   |
[   27.620355] cloud-init[885]: ci-info: |   6   |   ff00::/8  |    ::   |   enp0s8  |   U   |
[   27.641262] cloud-init[885]: ci-info: |   7   |   ff00::/8  |    ::   |   enp0s3  |   U   |
[   27.647707] cloud-init[885]: ci-info: +-------+-------------+---------+-----------+-------+
[[0;32m  OK  [0m] Started Initial cloud-init job (metadata service crawler).
[[0;32m  OK  [0m] Reached target Cloud-config availability.
[[0;32m  OK  [0m] Reached target System Initialization.
[[0;32m  OK  [0m] Listening on ACPID Listen Socket.
[[0;32m  OK  [0m] Listening on cloud-init hotplug hook socket.
[[0;32m  OK  [0m] Started Daily Cleanup of Temporary Directories.
[[0;32m  OK  [0m] Started Message of the Day.
[[0;32m  OK  [0m] Started Daily apt download activities.
         Starting Socket activation for snappy daemon.
[[0;32m  OK  [0m] Started Ubuntu Advantage Timer for running repeated jobs.
[[0;32m  OK  [0m] Listening on D-Bus System Message Bus Socket.
[[0;32m  OK  [0m] Listening on Open-iSCSI iscsid Socket.
[[0;32m  OK  [0m] Started ACPI Events Check.
[[0;32m  OK  [0m] Listening on UUID daemon activation socket.
         Starting LXD - unix socket.
[[0;32m  OK  [0m] Started Discard unused blocks once a week.
[[0;32m  OK  [0m] Started Daily apt upgrade and clean activities.
[[0;32m  OK  [0m] Reached target Timers.
[[0;32m  OK  [0m] Reached target Paths.
[[0;32m  OK  [0m] Listening on Socket activation for snappy daemon.
[[0;32m  OK  [0m] Listening on LXD - unix socket.
[[0;32m  OK  [0m] Reached target Sockets.
[[0;32m  OK  [0m] Reached target Basic System.
[[0;32m  OK  [0m] Reached target Login Prompts (Pre).
         Starting vboxadd.service...
         Starting System Logging Service...
[[0;32m  OK  [0m] Started D-Bus System Message Bus.
         Starting Accounts Service...
[[0;32m  OK  [0m] Started FUSE filesystem for LXC.
         Starting Dispatcher daemon for systemd-networkd...
[[0;32m  OK  [0m] Started irqbalance daemon.
         Starting Login Service...
         Starting LSB: Record successful boot for GRUB...
[[0;32m  OK  [0m] Started Regular background program processing daemon.
         Starting LXD - container startup/shutdown...
[[0;32m  OK  [0m] Started Deferred execution scheduler.
         Starting Snap Daemon...
[[0;32m  OK  [0m] Started System Logging Service.
[[0;32m  OK  [0m] Started Login Service.
         Starting Authorization Manager...
[[0;32m  OK  [0m] Started Authorization Manager.
[[0;32m  OK  [0m] Started Accounts Service.
[[0;32m  OK  [0m] Started LSB: Record successful boot for GRUB.
[[0;32m  OK  [0m] Started LXD - container startup/shutdown.
[[0;32m  OK  [0m] Started Dispatcher daemon for systemd-networkd.
[[0;32m  OK  [0m] Started Snap Daemon.
         Starting Wait until snapd is fully seeded...
         Starting Time & Date Service...
[[0;32m  OK  [0m] Started Time & Date Service.
[[0;32m  OK  [0m] Started Wait until snapd is fully seeded.
[[0;32m  OK  [0m] Started vboxadd.service.
         Starting vboxadd-service.service...
[[0;32m  OK  [0m] Started vboxadd-service.service.
[[0;32m  OK  [0m] Started Netscript network interfaces and iptables.
[[0;32m  OK  [0m] Reached target Network.
         Starting A high performance web server and a reverse proxy server...
[[0;32m  OK  [0m] Started Unattended Upgrades Shutdown.
[[0;32m  OK  [0m] Reached target Network is Online.
         Starting Apply the settings specified in cloud-config...
         Starting Availability of block devices...
[[0;32m  OK  [0m] Reached target Remote File Systems (Pre).
         Mounting /vagrant...
         Starting OpenBSD Secure Shell server...
[[0;32m  OK  [0m] Started Availability of block devices.
[[0;1;31mFAILED[0m] Failed to mount /vagrant.
See 'systemctl status vagrant.mount' for details.
[[0;1;33mDEPEND[0m] Dependency failed for Remote File Systems.
         Starting Permit User Sessions...
         Starting LSB: automatic crash report generation...
[[0;32m  OK  [0m] Started Permit User Sessions.
         Starting Hold until boot process finishes up...
         Starting Terminate Plymouth Boot Screen...
[[0;32m  OK  [0m] Started Hold until boot process finishes up.
[[0;32m  OK  [0m] Started Serial Getty on ttyS0.
         Starting Set console scheme...
[[0;32m  OK  [0m] Started Terminate Plymouth Boot Screen.
[[0;32m  OK  [0m] Started Set console scheme.
[[0;32m  OK  [0m] Created slice system-getty.slice.
[[0;32m  OK  [0m] Started Getty on tty1.
[[0;32m  OK  [0m] Reached target Login Prompts.
[[0;32m  OK  [0m] Started OpenBSD Secure Shell server.
[[0;32m  OK  [0m] Started LSB: automatic crash report generation.
[[0;32m  OK  [0m] Started A high performance web server and a reverse proxy server.
[[0;32m  OK  [0m] Created slice User Slice of vagrant.
         Starting User Manager for UID 1000...
[[0;32m  OK  [0m] Started Session 1 of user vagrant.
[[0;32m  OK  [0m] Started User Manager for UID 1000.
[   36.337142] cloud-init[1331]: Cloud-init v. 23.1.2-0ubuntu0~18.04.1 running 'modules:config' at Wed, 03 May 2023 20:00:26 +0000. Up 35.97 seconds.
[[0;32m  OK  [0m] Started Apply the settings specified in cloud-config.
[[0;32m  OK  [0m] Reached target Multi-User System.
[[0;32m  OK  [0m] Reached target Graphical Interface.
         Starting Execute cloud user/final scripts...
         Starting Update UTMP about System Runlevel Changes...
[[0;32m  OK  [0m] Started Update UTMP about System Runlevel Changes.
[   37.828458] cloud-init[1444]: Cloud-init v. 23.1.2-0ubuntu0~18.04.1 running 'modules:final' at Wed, 03 May 2023 20:00:28 +0000. Up 37.54 seconds.
[   37.841114] cloud-init[1444]: Cloud-init v. 23.1.2-0ubuntu0~18.04.1 finished at Wed, 03 May 2023 20:00:28 +0000. Datasource DataSourceNoCloud [seed=/dev/sdb][dsmode=net].  Up 37.81 seconds
[[0;32m  OK  [0m] Started Execute cloud user/final scripts.
[[0;32m  OK  [0m] Reached target Cloud-init target.

Ubuntu 18.04.6 LTS web01 ttyS0

web01 login: [46911.906271] INFO: rcu_sched detected stalls on CPUs/tasks:
[46911.977562] 	1-...!: (1 GPs behind) idle=422/140000000000000/0 softirq=27799/27802 fqs=0 
[46913.000927] watchdog: BUG: soft lockup - CPU#1 stuck for 172s! [dbus-daemon:983]
[46913.098680] 	(detected by 0, t=45900 jiffies, g=7867, c=7866, q=132)
[46937.569200] rcu_sched kthread starved for 45900 jiffies! g7867 c7866 f0x0 RCU_GP_WAIT_FQS(3) ->state=0x402 ->cpu=0
[46937.606753] watchdog: BUG: soft lockup - CPU#1 stuck for 21s! [kworker/u4:1:2679]
